<?xml version="1.0" encoding="UTF-8"?>
<testsuites name="Run_All_Fitur" time="1597.678" tests="13" failures="3" errors="0">
   <testsuite name="1.TS_Login" tests="3" failures="0" errors="0" time="148.638" skipped="0" timestamp="13-04-2025T16:17:24" hostname="acer - 20.20.2.217" id="Test Suites/1.TS_Login">
      <properties>
         <property name="deviceName" value=""/>
         <property name="devicePlatform"/>
         <property name="logFolder" value="C:\\Users\\acer\\OneDrive\\Documents\\Automation-openRMS\\Reports\\20250413_161708\\1.TS_Login\\20250413_161709"/>
         <property name="logFiles" value="C:\\Users\\acer\\OneDrive\\Documents\\Automation-openRMS\\Reports\\20250413_161708\\1.TS_Login\\20250413_161709\\execution0.log"/>
         <property name="attachments" value=""/>
         <property name="hostName" value="acer - 20.20.2.217"/>
         <property name="os" value="Windows 11 64bit"/>
         <property name="katalonVersion" value="10.1.1.0"/>
         <property name="browser" value="Chrome 135.0.7049.42"/>
         <property name="hostAddress" value="20.20.2.217"/>
         <property name="sessionId" value="253122030145aa8023c05cd8a51997c4"/>
         <property name="seleniumVersion" value="4.22.0"/>
         <property name="proxyInformation" value="ProxyInformation { proxyOption=NO_PROXY, proxyServerType=HTTP, username=, password=********, proxyServerAddress=, proxyServerPort=0, executionList=&quot;&quot;, isApplyToDesiredCapabilities=true }"/>
         <property name="platform" value="Windows 11"/>
      </properties>
      <testcase name="Test Cases/1. Login/1. Login menggunakan invalid credential" time="26.047" classname="Test Cases/1. Login/1. Login menggunakan invalid credential" status="PASSED">
         <system-out><![CDATA[13-04-2025T16:17:24 - [TEST_CASE][PASSED] - Test Cases/1. Login/1. Login menggunakan invalid credential: Test Cases/1. Login/1. Login menggunakan invalid credential

13-04-2025T16:17:24 - [TEST_STEP][PASSED] - Start listener action : sampleBeforeTestCase: Actual text and expected text of test object 'Object Repository/Dashboard/login_as' are matched.

13-04-2025T16:17:24 - [TEST_STEP][PASSED] - openBrowser(""): Browser is opened with url: ''

13-04-2025T16:17:24 - [MESSAGE][INFO] - Starting 'Chrome' driver

13-04-2025T16:17:24 - [MESSAGE][INFO] - Action delay is set to 0 milliseconds

13-04-2025T16:17:26 - [MESSAGE][PASSED] - Browser is opened with url: ''

13-04-2025T16:17:26 - [TEST_STEP][PASSED] - maximizeWindow(): Current window maximized

13-04-2025T16:17:26 - [MESSAGE][PASSED] - Current window maximized

13-04-2025T16:17:26 - [TEST_STEP][PASSED] - navigateToUrl(url): Navigate to 'https://o2.openmrs.org/openmrs/login.htm' successfully

13-04-2025T16:17:33 - [MESSAGE][PASSED] - Navigate to 'https://o2.openmrs.org/openmrs/login.htm' successfully

13-04-2025T16:17:33 - [TEST_STEP][PASSED] - setText(findTestObject("Object Repository/Page_Login/input_Username_username"), "admin"): Text 'admin' is set on object 'Object Repository/Page_Login/input_Username_username'

13-04-2025T16:17:34 - [MESSAGE][PASSED] - Text 'admin' is set on object 'Object Repository/Page_Login/input_Username_username'

13-04-2025T16:17:34 - [TEST_STEP][PASSED] - setEncryptedText(findTestObject("Object Repository/Page_Login/input_Password_password"), "/5S6MFFLcE4mlsixtc6/Tg=="): Text ****** has been set on object 'Object Repository/Page_Login/input_Password_password'

13-04-2025T16:17:34 - [MESSAGE][PASSED] - Text ****** has been set on object 'Object Repository/Page_Login/input_Password_password'

13-04-2025T16:17:34 - [TEST_STEP][PASSED] - click(findTestObject("Object Repository/Page_Login/li_Pharmacy")): Object: 'Object Repository/Page_Login/li_Pharmacy' is clicked on

13-04-2025T16:17:35 - [MESSAGE][PASSED] - Object: 'Object Repository/Page_Login/li_Pharmacy' is clicked on

13-04-2025T16:17:35 - [TEST_STEP][PASSED] - click(findTestObject("Object Repository/Page_Login/input_Registration Desk_loginButton")): Object: 'Object Repository/Page_Login/input_Registration Desk_loginButton' is clicked on

13-04-2025T16:17:38 - [MESSAGE][PASSED] - Object: 'Object Repository/Page_Login/input_Registration Desk_loginButton' is clicked on

13-04-2025T16:17:38 - [TEST_STEP][PASSED] - verifyElementText(findTestObject("Object Repository/Dashboard/login_as"), "Logged in as Super User (admin) at Pharmacy."): Actual text and expected text of test object 'Object Repository/Dashboard/login_as' are matched.

13-04-2025T16:17:38 - [MESSAGE][PASSED] - Actual text and expected text of test object 'Object Repository/Dashboard/login_as' are matched.

13-04-2025T16:17:38 - [TEST_STEP][PASSED] - openBrowser(""): Browser is opened with url: ''

13-04-2025T16:17:38 - [MESSAGE][WARNING] - A browser is already opened. Closing browser and opening a new one

13-04-2025T16:17:38 - [MESSAGE][INFO] - Starting 'Chrome' driver

13-04-2025T16:17:38 - [MESSAGE][INFO] - Action delay is set to 0 milliseconds

13-04-2025T16:17:40 - [MESSAGE][PASSED] - Browser is opened with url: ''

13-04-2025T16:17:40 - [TEST_STEP][PASSED] - maximizeWindow(): Current window maximized

13-04-2025T16:17:40 - [MESSAGE][PASSED] - Current window maximized

13-04-2025T16:17:40 - [TEST_STEP][PASSED] - navigateToUrl(url): Navigate to 'https://o2.openmrs.org/openmrs/login.htm' successfully

13-04-2025T16:17:47 - [MESSAGE][PASSED] - Navigate to 'https://o2.openmrs.org/openmrs/login.htm' successfully

13-04-2025T16:17:47 - [TEST_STEP][PASSED] - setText(findTestObject("Object Repository/Page_Login/input_Username_username"), "lorem"): Text 'lorem' is set on object 'Object Repository/Page_Login/input_Username_username'

13-04-2025T16:17:48 - [MESSAGE][PASSED] - Text 'lorem' is set on object 'Object Repository/Page_Login/input_Username_username'

13-04-2025T16:17:48 - [TEST_STEP][PASSED] - setEncryptedText(findTestObject("Object Repository/Page_Login/input_Password_password"), "3jc02kEOUvU="): Text ****** has been set on object 'Object Repository/Page_Login/input_Password_password'

13-04-2025T16:17:48 - [MESSAGE][PASSED] - Text ****** has been set on object 'Object Repository/Page_Login/input_Password_password'

13-04-2025T16:17:48 - [TEST_STEP][PASSED] - click(findTestObject("Object Repository/Page_Login/li_Pharmacy")): Object: 'Object Repository/Page_Login/li_Pharmacy' is clicked on

13-04-2025T16:17:48 - [MESSAGE][PASSED] - Object: 'Object Repository/Page_Login/li_Pharmacy' is clicked on

13-04-2025T16:17:48 - [TEST_STEP][PASSED] - click(findTestObject("Object Repository/Page_Login/input_Registration Desk_loginButton")): Object: 'Object Repository/Page_Login/input_Registration Desk_loginButton' is clicked on

13-04-2025T16:17:49 - [MESSAGE][PASSED] - Object: 'Object Repository/Page_Login/input_Registration Desk_loginButton' is clicked on

13-04-2025T16:17:49 - [TEST_STEP][PASSED] - verifyElementText(findTestObject("Object Repository/Page_Login/div_Invalid usernamepassword. Please try again"), "Invalid username/password. Please try again."): Actual text and expected text of test object 'Object Repository/Page_Login/div_Invalid usernamepassword. Please try again' are matched.

13-04-2025T16:17:50 - [MESSAGE][PASSED] - Actual text and expected text of test object 'Object Repository/Page_Login/div_Invalid usernamepassword. Please try again' are matched.]]></system-out>
         <system-err><![CDATA[]]></system-err>
      </testcase>
      <testcase name="Test Cases/1. Login/2. Login tanpa memilih lokasi" time="41.12" classname="Test Cases/1. Login/2. Login tanpa memilih lokasi" status="PASSED">
         <system-out><![CDATA[13-04-2025T16:17:50 - [TEST_CASE][PASSED] - Test Cases/1. Login/2. Login tanpa memilih lokasi: Test Cases/1. Login/2. Login tanpa memilih lokasi

13-04-2025T16:17:50 - [TEST_STEP][PASSED] - Start listener action : sampleBeforeTestCase: Actual text and expected text of test object 'Object Repository/Dashboard/login_as' are matched.

13-04-2025T16:17:50 - [TEST_STEP][PASSED] - openBrowser(""): Browser is opened with url: ''

13-04-2025T16:17:50 - [MESSAGE][WARNING] - A browser is already opened. Closing browser and opening a new one

13-04-2025T16:17:50 - [MESSAGE][INFO] - Starting 'Chrome' driver

13-04-2025T16:17:50 - [MESSAGE][INFO] - Action delay is set to 0 milliseconds

13-04-2025T16:17:51 - [MESSAGE][PASSED] - Browser is opened with url: ''

13-04-2025T16:17:51 - [TEST_STEP][PASSED] - maximizeWindow(): Current window maximized

13-04-2025T16:17:51 - [MESSAGE][PASSED] - Current window maximized

13-04-2025T16:17:51 - [TEST_STEP][PASSED] - navigateToUrl(url): Navigate to 'https://o2.openmrs.org/openmrs/login.htm' successfully

13-04-2025T16:17:56 - [MESSAGE][PASSED] - Navigate to 'https://o2.openmrs.org/openmrs/login.htm' successfully

13-04-2025T16:17:56 - [TEST_STEP][PASSED] - setText(findTestObject("Object Repository/Page_Login/input_Username_username"), "admin"): Text 'admin' is set on object 'Object Repository/Page_Login/input_Username_username'

13-04-2025T16:17:57 - [MESSAGE][PASSED] - Text 'admin' is set on object 'Object Repository/Page_Login/input_Username_username'

13-04-2025T16:17:57 - [TEST_STEP][PASSED] - setEncryptedText(findTestObject("Object Repository/Page_Login/input_Password_password"), "/5S6MFFLcE4mlsixtc6/Tg=="): Text ****** has been set on object 'Object Repository/Page_Login/input_Password_password'

13-04-2025T16:17:57 - [MESSAGE][PASSED] - Text ****** has been set on object 'Object Repository/Page_Login/input_Password_password'

13-04-2025T16:17:57 - [TEST_STEP][PASSED] - click(findTestObject("Object Repository/Page_Login/li_Pharmacy")): Object: 'Object Repository/Page_Login/li_Pharmacy' is clicked on

13-04-2025T16:17:58 - [MESSAGE][PASSED] - Object: 'Object Repository/Page_Login/li_Pharmacy' is clicked on

13-04-2025T16:17:58 - [TEST_STEP][PASSED] - click(findTestObject("Object Repository/Page_Login/input_Registration Desk_loginButton")): Object: 'Object Repository/Page_Login/input_Registration Desk_loginButton' is clicked on

13-04-2025T16:18:00 - [MESSAGE][PASSED] - Object: 'Object Repository/Page_Login/input_Registration Desk_loginButton' is clicked on

13-04-2025T16:18:00 - [TEST_STEP][PASSED] - verifyElementText(findTestObject("Object Repository/Dashboard/login_as"), "Logged in as Super User (admin) at Pharmacy."): Actual text and expected text of test object 'Object Repository/Dashboard/login_as' are matched.

13-04-2025T16:18:00 - [MESSAGE][PASSED] - Actual text and expected text of test object 'Object Repository/Dashboard/login_as' are matched.

13-04-2025T16:18:00 - [TEST_STEP][PASSED] - openBrowser(""): Browser is opened with url: ''

13-04-2025T16:18:00 - [MESSAGE][WARNING] - A browser is already opened. Closing browser and opening a new one

13-04-2025T16:18:00 - [MESSAGE][INFO] - Starting 'Chrome' driver

13-04-2025T16:18:00 - [MESSAGE][INFO] - Action delay is set to 0 milliseconds

13-04-2025T16:18:02 - [MESSAGE][PASSED] - Browser is opened with url: ''

13-04-2025T16:18:02 - [TEST_STEP][PASSED] - maximizeWindow(): Current window maximized

13-04-2025T16:18:02 - [MESSAGE][PASSED] - Current window maximized

13-04-2025T16:18:02 - [TEST_STEP][PASSED] - navigateToUrl(url): Navigate to 'https://o2.openmrs.org/openmrs/login.htm' successfully

13-04-2025T16:18:30 - [MESSAGE][PASSED] - Navigate to 'https://o2.openmrs.org/openmrs/login.htm' successfully

13-04-2025T16:18:30 - [TEST_STEP][PASSED] - setText(findTestObject("Object Repository/Page_Login/input_Username_username"), "admin"): Text 'admin' is set on object 'Object Repository/Page_Login/input_Username_username'

13-04-2025T16:18:30 - [MESSAGE][PASSED] - Text 'admin' is set on object 'Object Repository/Page_Login/input_Username_username'

13-04-2025T16:18:30 - [TEST_STEP][PASSED] - setEncryptedText(findTestObject("Object Repository/Page_Login/input_Password_password"), "/5S6MFFLcE4mlsixtc6/Tg=="): Text ****** has been set on object 'Object Repository/Page_Login/input_Password_password'

13-04-2025T16:18:30 - [MESSAGE][PASSED] - Text ****** has been set on object 'Object Repository/Page_Login/input_Password_password'

13-04-2025T16:18:30 - [TEST_STEP][PASSED] - click(findTestObject("Object Repository/Page_Login/input_Registration Desk_loginButton")): Object: 'Object Repository/Page_Login/input_Registration Desk_loginButton' is clicked on

13-04-2025T16:18:31 - [MESSAGE][PASSED] - Object: 'Object Repository/Page_Login/input_Registration Desk_loginButton' is clicked on

13-04-2025T16:18:31 - [TEST_STEP][PASSED] - verifyElementText(findTestObject("Object Repository/Page_Login/span_You must choose a location"), "You must choose a location!"): Actual text and expected text of test object 'Object Repository/Page_Login/span_You must choose a location' are matched.

13-04-2025T16:18:31 - [MESSAGE][PASSED] - Actual text and expected text of test object 'Object Repository/Page_Login/span_You must choose a location' are matched.]]></system-out>
         <system-err><![CDATA[]]></system-err>
      </testcase>
      <testcase name="Test Cases/1. Login/3. Login menggunakan valid credential" time="81.31" classname="Test Cases/1. Login/3. Login menggunakan valid credential" status="PASSED">
         <system-out><![CDATA[13-04-2025T16:18:31 - [TEST_CASE][PASSED] - Test Cases/1. Login/3. Login menggunakan valid credential: Test Cases/1. Login/3. Login menggunakan valid credential

13-04-2025T16:18:31 - [TEST_STEP][PASSED] - Start listener action : sampleBeforeTestCase: Actual text and expected text of test object 'Object Repository/Dashboard/login_as' are matched.

13-04-2025T16:18:31 - [TEST_STEP][PASSED] - openBrowser(""): Browser is opened with url: ''

13-04-2025T16:18:31 - [MESSAGE][WARNING] - A browser is already opened. Closing browser and opening a new one

13-04-2025T16:18:31 - [MESSAGE][INFO] - Starting 'Chrome' driver

13-04-2025T16:18:31 - [MESSAGE][INFO] - Action delay is set to 0 milliseconds

13-04-2025T16:18:34 - [MESSAGE][PASSED] - Browser is opened with url: ''

13-04-2025T16:18:34 - [TEST_STEP][PASSED] - maximizeWindow(): Current window maximized

13-04-2025T16:18:34 - [MESSAGE][PASSED] - Current window maximized

13-04-2025T16:18:34 - [TEST_STEP][PASSED] - navigateToUrl(url): Navigate to 'https://o2.openmrs.org/openmrs/login.htm' successfully

13-04-2025T16:19:14 - [MESSAGE][PASSED] - Navigate to 'https://o2.openmrs.org/openmrs/login.htm' successfully

13-04-2025T16:19:14 - [TEST_STEP][PASSED] - setText(findTestObject("Object Repository/Page_Login/input_Username_username"), "admin"): Text 'admin' is set on object 'Object Repository/Page_Login/input_Username_username'

13-04-2025T16:19:15 - [MESSAGE][PASSED] - Text 'admin' is set on object 'Object Repository/Page_Login/input_Username_username'

13-04-2025T16:19:15 - [TEST_STEP][PASSED] - setEncryptedText(findTestObject("Object Repository/Page_Login/input_Password_password"), "/5S6MFFLcE4mlsixtc6/Tg=="): Text ****** has been set on object 'Object Repository/Page_Login/input_Password_password'

13-04-2025T16:19:15 - [MESSAGE][PASSED] - Text ****** has been set on object 'Object Repository/Page_Login/input_Password_password'

13-04-2025T16:19:15 - [TEST_STEP][PASSED] - click(findTestObject("Object Repository/Page_Login/li_Pharmacy")): Object: 'Object Repository/Page_Login/li_Pharmacy' is clicked on

13-04-2025T16:19:15 - [MESSAGE][PASSED] - Object: 'Object Repository/Page_Login/li_Pharmacy' is clicked on

13-04-2025T16:19:15 - [TEST_STEP][PASSED] - click(findTestObject("Object Repository/Page_Login/input_Registration Desk_loginButton")): Object: 'Object Repository/Page_Login/input_Registration Desk_loginButton' is clicked on

13-04-2025T16:19:18 - [MESSAGE][PASSED] - Object: 'Object Repository/Page_Login/input_Registration Desk_loginButton' is clicked on

13-04-2025T16:19:18 - [TEST_STEP][PASSED] - verifyElementText(findTestObject("Object Repository/Dashboard/login_as"), "Logged in as Super User (admin) at Pharmacy."): Actual text and expected text of test object 'Object Repository/Dashboard/login_as' are matched.

13-04-2025T16:19:19 - [MESSAGE][PASSED] - Actual text and expected text of test object 'Object Repository/Dashboard/login_as' are matched.

13-04-2025T16:19:19 - [TEST_STEP][PASSED] - openBrowser(""): Browser is opened with url: ''

13-04-2025T16:19:19 - [MESSAGE][WARNING] - A browser is already opened. Closing browser and opening a new one

13-04-2025T16:19:19 - [MESSAGE][INFO] - Starting 'Chrome' driver

13-04-2025T16:19:19 - [MESSAGE][INFO] - Action delay is set to 0 milliseconds

13-04-2025T16:19:20 - [MESSAGE][PASSED] - Browser is opened with url: ''

13-04-2025T16:19:20 - [TEST_STEP][PASSED] - maximizeWindow(): Current window maximized

13-04-2025T16:19:20 - [MESSAGE][PASSED] - Current window maximized

13-04-2025T16:19:20 - [TEST_STEP][PASSED] - navigateToUrl(url): Navigate to 'https://o2.openmrs.org/openmrs/login.htm' successfully

13-04-2025T16:19:47 - [MESSAGE][PASSED] - Navigate to 'https://o2.openmrs.org/openmrs/login.htm' successfully

13-04-2025T16:19:47 - [TEST_STEP][PASSED] - setText(findTestObject("Object Repository/Page_Login/input_Username_username"), "admin"): Text 'admin' is set on object 'Object Repository/Page_Login/input_Username_username'

13-04-2025T16:19:47 - [MESSAGE][PASSED] - Text 'admin' is set on object 'Object Repository/Page_Login/input_Username_username'

13-04-2025T16:19:47 - [TEST_STEP][PASSED] - setEncryptedText(findTestObject("Object Repository/Page_Login/input_Password_password"), "/5S6MFFLcE4mlsixtc6/Tg=="): Text ****** has been set on object 'Object Repository/Page_Login/input_Password_password'

13-04-2025T16:19:48 - [MESSAGE][PASSED] - Text ****** has been set on object 'Object Repository/Page_Login/input_Password_password'

13-04-2025T16:19:48 - [TEST_STEP][PASSED] - click(findTestObject("Object Repository/Page_Login/li_Pharmacy")): Object: 'Object Repository/Page_Login/li_Pharmacy' is clicked on

13-04-2025T16:19:48 - [MESSAGE][PASSED] - Object: 'Object Repository/Page_Login/li_Pharmacy' is clicked on

13-04-2025T16:19:48 - [TEST_STEP][PASSED] - click(findTestObject("Object Repository/Page_Login/input_Registration Desk_loginButton")): Object: 'Object Repository/Page_Login/input_Registration Desk_loginButton' is clicked on

13-04-2025T16:19:52 - [MESSAGE][PASSED] - Object: 'Object Repository/Page_Login/input_Registration Desk_loginButton' is clicked on

13-04-2025T16:19:52 - [TEST_STEP][PASSED] - verifyElementText(findTestObject("Object Repository/Dashboard/login_as"), "Logged in as Super User (admin) at Pharmacy."): Actual text and expected text of test object 'Object Repository/Dashboard/login_as' are matched.

13-04-2025T16:19:52 - [MESSAGE][PASSED] - Actual text and expected text of test object 'Object Repository/Dashboard/login_as' are matched.

13-04-2025T16:19:52 - [TEST_STEP][PASSED] - verifyElementText(findTestObject("Object Repository/Page_Home/span_Pharmacy"), "Pharmacy"): Actual text and expected text of test object 'Object Repository/Page_Home/span_Pharmacy' are matched.

13-04-2025T16:19:52 - [MESSAGE][PASSED] - Actual text and expected text of test object 'Object Repository/Page_Home/span_Pharmacy' are matched.]]></system-out>
         <system-err><![CDATA[]]></system-err>
      </testcase>
      <system-out><![CDATA[13-04-2025T16:17:24 - [TEST_SUITE][PASSED] - 1.TS_Login: Test Cases/1. Login/3. Login menggunakan valid credential]]></system-out>
      <system-err><![CDATA[]]></system-err>
   </testsuite>
   <testsuite name="2.TS_RegisterPatient" tests="1" failures="0" errors="0" time="166.988" skipped="0" timestamp="13-04-2025T16:19:56" hostname="acer - 20.20.2.217" id="Test Suites/2.TS_RegisterPatient">
      <properties>
         <property name="deviceName" value=""/>
         <property name="devicePlatform"/>
         <property name="logFolder" value="C:\\Users\\acer\\OneDrive\\Documents\\Automation-openRMS\\Reports\\20250413_161708\\2.TS_RegisterPatient\\20250413_161711"/>
         <property name="logFiles" value="C:\\Users\\acer\\OneDrive\\Documents\\Automation-openRMS\\Reports\\20250413_161708\\2.TS_RegisterPatient\\20250413_161711\\execution0.log"/>
         <property name="attachments" value=""/>
         <property name="hostName" value="acer - 20.20.2.217"/>
         <property name="os" value="Windows 11 64bit"/>
         <property name="katalonVersion" value="10.1.1.0"/>
         <property name="browser" value="Chrome 135.0.7049.42"/>
         <property name="hostAddress" value="20.20.2.217"/>
         <property name="sessionId" value="10519658105c3e99f3ea5aab0ba51030"/>
         <property name="seleniumVersion" value="4.22.0"/>
         <property name="proxyInformation" value="ProxyInformation { proxyOption=NO_PROXY, proxyServerType=HTTP, username=, password=********, proxyServerAddress=, proxyServerPort=0, executionList=&quot;&quot;, isApplyToDesiredCapabilities=true }"/>
         <property name="platform" value="Windows 11"/>
      </properties>
      <testcase name="Test Cases/2. Register Patient/1. Admin mandaftarkan pasien baru" time="166.825" classname="Test Cases/2. Register Patient/1. Admin mandaftarkan pasien baru" status="PASSED">
         <system-out><![CDATA[13-04-2025T16:19:56 - [TEST_CASE][PASSED] - Test Cases/2. Register Patient/1. Admin mandaftarkan pasien baru: Test Cases/2. Register Patient/1. Admin mandaftarkan pasien baru

13-04-2025T16:19:56 - [TEST_STEP][PASSED] - Start listener action : sampleBeforeTestCase: Actual text and expected text of test object 'Object Repository/Dashboard/login_as' are matched.

13-04-2025T16:19:56 - [TEST_STEP][PASSED] - openBrowser(""): Browser is opened with url: ''

13-04-2025T16:19:57 - [MESSAGE][INFO] - Starting 'Chrome' driver

13-04-2025T16:19:57 - [MESSAGE][INFO] - Action delay is set to 0 milliseconds

13-04-2025T16:19:59 - [MESSAGE][PASSED] - Browser is opened with url: ''

13-04-2025T16:19:59 - [TEST_STEP][PASSED] - maximizeWindow(): Current window maximized

13-04-2025T16:19:59 - [MESSAGE][PASSED] - Current window maximized

13-04-2025T16:19:59 - [TEST_STEP][PASSED] - navigateToUrl(url): Navigate to 'https://o2.openmrs.org/openmrs/login.htm' successfully

13-04-2025T16:20:24 - [MESSAGE][PASSED] - Navigate to 'https://o2.openmrs.org/openmrs/login.htm' successfully

13-04-2025T16:20:24 - [TEST_STEP][PASSED] - setText(findTestObject("Object Repository/Page_Login/input_Username_username"), "admin"): Text 'admin' is set on object 'Object Repository/Page_Login/input_Username_username'

13-04-2025T16:20:24 - [MESSAGE][PASSED] - Text 'admin' is set on object 'Object Repository/Page_Login/input_Username_username'

13-04-2025T16:20:24 - [TEST_STEP][PASSED] - setEncryptedText(findTestObject("Object Repository/Page_Login/input_Password_password"), "/5S6MFFLcE4mlsixtc6/Tg=="): Text ****** has been set on object 'Object Repository/Page_Login/input_Password_password'

13-04-2025T16:20:25 - [MESSAGE][PASSED] - Text ****** has been set on object 'Object Repository/Page_Login/input_Password_password'

13-04-2025T16:20:25 - [TEST_STEP][PASSED] - click(findTestObject("Object Repository/Page_Login/li_Pharmacy")): Object: 'Object Repository/Page_Login/li_Pharmacy' is clicked on

13-04-2025T16:20:25 - [MESSAGE][PASSED] - Object: 'Object Repository/Page_Login/li_Pharmacy' is clicked on

13-04-2025T16:20:25 - [TEST_STEP][PASSED] - click(findTestObject("Object Repository/Page_Login/input_Registration Desk_loginButton")): Object: 'Object Repository/Page_Login/input_Registration Desk_loginButton' is clicked on

13-04-2025T16:20:28 - [MESSAGE][PASSED] - Object: 'Object Repository/Page_Login/input_Registration Desk_loginButton' is clicked on

13-04-2025T16:20:28 - [TEST_STEP][PASSED] - verifyElementText(findTestObject("Object Repository/Dashboard/login_as"), "Logged in as Super User (admin) at Pharmacy."): Actual text and expected text of test object 'Object Repository/Dashboard/login_as' are matched.

13-04-2025T16:20:28 - [MESSAGE][PASSED] - Actual text and expected text of test object 'Object Repository/Dashboard/login_as' are matched.

13-04-2025T16:20:28 - [TEST_STEP][PASSED] - randomGenerator = new randomString(): null

13-04-2025T16:20:28 - [TEST_STEP][PASSED] - randomLength = 8: null

13-04-2025T16:20:28 - [TEST_STEP][PASSED] - randomText = randomGenerator.generateAlphanumeric(randomLength): null

13-04-2025T16:20:28 - [TEST_STEP][PASSED] - println("Random Alphanumeric Text: " + randomText): null

13-04-2025T16:20:28 - [TEST_STEP][PASSED] - randomText = randomText: null

13-04-2025T16:20:28 - [TEST_STEP][PASSED] - click(findTestObject("Object Repository/Page_Home/a_Register a patient")): Object: 'Object Repository/Page_Home/a_Register a patient' is clicked on

13-04-2025T16:20:36 - [MESSAGE][PASSED] - Object: 'Object Repository/Page_Home/a_Register a patient' is clicked on

13-04-2025T16:20:36 - [TEST_STEP][PASSED] - waitForElementVisible(findTestObject("Object Repository/Page_OpenMRS Electronic Medical Record/input_(required)_givenName"), 10): Object 'Object Repository/Page_OpenMRS Electronic Medical Record/input_(required)_givenName' is visible

13-04-2025T16:20:37 - [MESSAGE][PASSED] - Object 'Object Repository/Page_OpenMRS Electronic Medical Record/input_(required)_givenName' is visible

13-04-2025T16:20:37 - [TEST_STEP][PASSED] - setText(findTestObject("Object Repository/Page_OpenMRS Electronic Medical Record/input_(required)_givenName"), "irman"): Text 'irman' is set on object 'Object Repository/Page_OpenMRS Electronic Medical Record/input_(required)_givenName'

13-04-2025T16:20:37 - [MESSAGE][PASSED] - Text 'irman' is set on object 'Object Repository/Page_OpenMRS Electronic Medical Record/input_(required)_givenName'

13-04-2025T16:20:37 - [TEST_STEP][PASSED] - setText(findTestObject("Object Repository/Page_OpenMRS Electronic Medical Record/input_Middle_middleName"), "ramadhan"): Text 'ramadhan' is set on object 'Object Repository/Page_OpenMRS Electronic Medical Record/input_Middle_middleName'

13-04-2025T16:20:38 - [MESSAGE][PASSED] - Text 'ramadhan' is set on object 'Object Repository/Page_OpenMRS Electronic Medical Record/input_Middle_middleName'

13-04-2025T16:20:38 - [TEST_STEP][PASSED] - setText(findTestObject("Object Repository/Page_OpenMRS Electronic Medical Record/input_(required)_familyName"), randomText): Text 'nhf4lZF9' is set on object 'Object Repository/Page_OpenMRS Electronic Medical Record/input_(required)_familyName'

13-04-2025T16:20:40 - [MESSAGE][PASSED] - Text 'nhf4lZF9' is set on object 'Object Repository/Page_OpenMRS Electronic Medical Record/input_(required)_familyName'

13-04-2025T16:20:40 - [TEST_STEP][PASSED] - click(findTestObject("Object Repository/Page_OpenMRS Electronic Medical Record/icon_Confirm submission_fas fa-chevron-right")): Object: 'Object Repository/Page_OpenMRS Electronic Medical Record/icon_Confirm submission_fas fa-chevron-right' is clicked on

13-04-2025T16:20:41 - [MESSAGE][PASSED] - Object: 'Object Repository/Page_OpenMRS Electronic Medical Record/icon_Confirm submission_fas fa-chevron-right' is clicked on

13-04-2025T16:20:41 - [TEST_STEP][PASSED] - click(findTestObject("Object Repository/Page_OpenMRS Electronic Medical Record/button_Confirm submission_next-button")): Object: 'Object Repository/Page_OpenMRS Electronic Medical Record/button_Confirm submission_next-button' is clicked on

13-04-2025T16:20:41 - [MESSAGE][PASSED] - Object: 'Object Repository/Page_OpenMRS Electronic Medical Record/button_Confirm submission_next-button' is clicked on

13-04-2025T16:20:41 - [TEST_STEP][PASSED] - selectOptionByValue(findTestObject("Object Repository/Page_OpenMRS Electronic Medical Record/select_Male                    Female"), "M", true): All options with value 'M' are selected in object 'Object Repository/Page_OpenMRS Electronic Medical Record/select_Male                    Female'  using regular expression

13-04-2025T16:20:42 - [MESSAGE][PASSED] - All options with value 'M' are selected in object 'Object Repository/Page_OpenMRS Electronic Medical Record/select_Male                    Female'  using regular expression

13-04-2025T16:20:42 - [TEST_STEP][PASSED] - click(findTestObject("Object Repository/Page_OpenMRS Electronic Medical Record/button_Confirm submission_next-button")): Object: 'Object Repository/Page_OpenMRS Electronic Medical Record/button_Confirm submission_next-button' is clicked on

13-04-2025T16:20:43 - [MESSAGE][PASSED] - Object: 'Object Repository/Page_OpenMRS Electronic Medical Record/button_Confirm submission_next-button' is clicked on

13-04-2025T16:20:43 - [TEST_STEP][PASSED] - setText(findTestObject("Object Repository/Page_OpenMRS Electronic Medical Record/input_(required)_birthdateDay"), "04"): Text '04' is set on object 'Object Repository/Page_OpenMRS Electronic Medical Record/input_(required)_birthdateDay'

13-04-2025T16:20:43 - [MESSAGE][PASSED] - Text '04' is set on object 'Object Repository/Page_OpenMRS Electronic Medical Record/input_(required)_birthdateDay'

13-04-2025T16:20:43 - [TEST_STEP][PASSED] - selectOptionByValue(findTestObject("Object Repository/Page_OpenMRS Electronic Medical Record/select_Select                            Ja_a574ad"), "3", true): All options with value '3' are selected in object 'Object Repository/Page_OpenMRS Electronic Medical Record/select_Select                            Ja_a574ad'  using regular expression

13-04-2025T16:20:44 - [MESSAGE][PASSED] - All options with value '3' are selected in object 'Object Repository/Page_OpenMRS Electronic Medical Record/select_Select                            Ja_a574ad'  using regular expression

13-04-2025T16:20:44 - [TEST_STEP][PASSED] - setText(findTestObject("Object Repository/Page_OpenMRS Electronic Medical Record/input_(required)_birthdateYear"), "1994"): Text '1994' is set on object 'Object Repository/Page_OpenMRS Electronic Medical Record/input_(required)_birthdateYear'

13-04-2025T16:20:46 - [MESSAGE][PASSED] - Text '1994' is set on object 'Object Repository/Page_OpenMRS Electronic Medical Record/input_(required)_birthdateYear'

13-04-2025T16:20:46 - [TEST_STEP][PASSED] - click(findTestObject("Object Repository/Page_OpenMRS Electronic Medical Record/button_Confirm submission_next-button")): Object: 'Object Repository/Page_OpenMRS Electronic Medical Record/button_Confirm submission_next-button' is clicked on

13-04-2025T16:20:46 - [MESSAGE][PASSED] - Object: 'Object Repository/Page_OpenMRS Electronic Medical Record/button_Confirm submission_next-button' is clicked on

13-04-2025T16:20:46 - [TEST_STEP][PASSED] - setText(findTestObject("Object Repository/Page_OpenMRS Electronic Medical Record/input_Address_address1"), "cisinga"): Text 'cisinga' is set on object 'Object Repository/Page_OpenMRS Electronic Medical Record/input_Address_address1'

13-04-2025T16:20:47 - [MESSAGE][PASSED] - Text 'cisinga' is set on object 'Object Repository/Page_OpenMRS Electronic Medical Record/input_Address_address1'

13-04-2025T16:20:47 - [TEST_STEP][PASSED] - setText(findTestObject("Object Repository/Page_OpenMRS Electronic Medical Record/input_Address 2_address2"), "kertamukti"): Text 'kertamukti' is set on object 'Object Repository/Page_OpenMRS Electronic Medical Record/input_Address 2_address2'

13-04-2025T16:20:48 - [MESSAGE][PASSED] - Text 'kertamukti' is set on object 'Object Repository/Page_OpenMRS Electronic Medical Record/input_Address 2_address2'

13-04-2025T16:20:48 - [TEST_STEP][PASSED] - setText(findTestObject("Object Repository/Page_OpenMRS Electronic Medical Record/input_CityVillage_cityVillage"), "tasik"): Text 'tasik' is set on object 'Object Repository/Page_OpenMRS Electronic Medical Record/input_CityVillage_cityVillage'

13-04-2025T16:20:49 - [MESSAGE][PASSED] - Text 'tasik' is set on object 'Object Repository/Page_OpenMRS Electronic Medical Record/input_CityVillage_cityVillage'

13-04-2025T16:20:49 - [TEST_STEP][PASSED] - setText(findTestObject("Object Repository/Page_OpenMRS Electronic Medical Record/input_StateProvince_stateProvince"), "jabar"): Text 'jabar' is set on object 'Object Repository/Page_OpenMRS Electronic Medical Record/input_StateProvince_stateProvince'

13-04-2025T16:20:51 - [MESSAGE][PASSED] - Text 'jabar' is set on object 'Object Repository/Page_OpenMRS Electronic Medical Record/input_StateProvince_stateProvince'

13-04-2025T16:20:51 - [TEST_STEP][PASSED] - setText(findTestObject("Object Repository/Page_OpenMRS Electronic Medical Record/input_Country_country"), "indo"): Text 'indo' is set on object 'Object Repository/Page_OpenMRS Electronic Medical Record/input_Country_country'

13-04-2025T16:20:53 - [MESSAGE][PASSED] - Text 'indo' is set on object 'Object Repository/Page_OpenMRS Electronic Medical Record/input_Country_country'

13-04-2025T16:20:53 - [TEST_STEP][PASSED] - setText(findTestObject("Object Repository/Page_OpenMRS Electronic Medical Record/input_Postal Code_postalCode"), "46156"): Text '46156' is set on object 'Object Repository/Page_OpenMRS Electronic Medical Record/input_Postal Code_postalCode'

13-04-2025T16:21:10 - [MESSAGE][PASSED] - Text '46156' is set on object 'Object Repository/Page_OpenMRS Electronic Medical Record/input_Postal Code_postalCode'

13-04-2025T16:21:10 - [TEST_STEP][PASSED] - click(findTestObject("Object Repository/Page_OpenMRS Electronic Medical Record/button_Confirm submission_next-button")): Object: 'Object Repository/Page_OpenMRS Electronic Medical Record/button_Confirm submission_next-button' is clicked on

13-04-2025T16:21:11 - [MESSAGE][PASSED] - Object: 'Object Repository/Page_OpenMRS Electronic Medical Record/button_Confirm submission_next-button' is clicked on

13-04-2025T16:21:11 - [TEST_STEP][PASSED] - setText(findTestObject("Object Repository/Page_OpenMRS Electronic Medical Record/input_concat(What, , s the patient phone nu_867169"), "087777777777"): Text '087777777777' is set on object 'Object Repository/Page_OpenMRS Electronic Medical Record/input_concat(What, , s the patient phone nu_867169'

13-04-2025T16:21:16 - [MESSAGE][PASSED] - Text '087777777777' is set on object 'Object Repository/Page_OpenMRS Electronic Medical Record/input_concat(What, , s the patient phone nu_867169'

13-04-2025T16:21:16 - [TEST_STEP][PASSED] - click(findTestObject("Object Repository/Page_OpenMRS Electronic Medical Record/button_Confirm submission_next-button")): Object: 'Object Repository/Page_OpenMRS Electronic Medical Record/button_Confirm submission_next-button' is clicked on

13-04-2025T16:21:16 - [MESSAGE][PASSED] - Object: 'Object Repository/Page_OpenMRS Electronic Medical Record/button_Confirm submission_next-button' is clicked on

13-04-2025T16:21:16 - [TEST_STEP][PASSED] - selectOptionByValue(findTestObject("Object Repository/Page_OpenMRS Electronic Medical Record/select_Select Relationship Type            _961917"), "8d919b58-c2cc-11de-8d13-0010c6dffd0f-A", true): All options with value '8d919b58-c2cc-11de-8d13-0010c6dffd0f-A' are selected in object 'Object Repository/Page_OpenMRS Electronic Medical Record/select_Select Relationship Type            _961917'  using regular expression

13-04-2025T16:21:53 - [MESSAGE][PASSED] - All options with value '8d919b58-c2cc-11de-8d13-0010c6dffd0f-A' are selected in object 'Object Repository/Page_OpenMRS Electronic Medical Record/select_Select Relationship Type            _961917'  using regular expression

13-04-2025T16:21:53 - [TEST_STEP][PASSED] - setText(findTestObject("Object Repository/Page_OpenMRS Electronic Medical Record/input_Who is the patient related to_person-_c8514e"), "indra"): Text 'indra' is set on object 'Object Repository/Page_OpenMRS Electronic Medical Record/input_Who is the patient related to_person-_c8514e'

13-04-2025T16:21:54 - [MESSAGE][PASSED] - Text 'indra' is set on object 'Object Repository/Page_OpenMRS Electronic Medical Record/input_Who is the patient related to_person-_c8514e'

13-04-2025T16:21:54 - [TEST_STEP][PASSED] - click(findTestObject("Object Repository/Page_OpenMRS Electronic Medical Record/i_Who is the patient related to_icon-plus-s_997839")): Object: 'Object Repository/Page_OpenMRS Electronic Medical Record/i_Who is the patient related to_icon-plus-s_997839' is clicked on

13-04-2025T16:21:58 - [MESSAGE][PASSED] - Object: 'Object Repository/Page_OpenMRS Electronic Medical Record/i_Who is the patient related to_icon-plus-s_997839' is clicked on

13-04-2025T16:21:58 - [TEST_STEP][PASSED] - selectOptionByValue(findTestObject("Object Repository/Page_OpenMRS Electronic Medical Record/select_Select Relationship Type            _961917_1"), "8d91a210-c2cc-11de-8d13-0010c6dffd0f-A", true): All options with value '8d91a210-c2cc-11de-8d13-0010c6dffd0f-A' are selected in object 'Object Repository/Page_OpenMRS Electronic Medical Record/select_Select Relationship Type            _961917_1'  using regular expression

13-04-2025T16:21:59 - [MESSAGE][PASSED] - All options with value '8d91a210-c2cc-11de-8d13-0010c6dffd0f-A' are selected in object 'Object Repository/Page_OpenMRS Electronic Medical Record/select_Select Relationship Type            _961917_1'  using regular expression

13-04-2025T16:21:59 - [TEST_STEP][PASSED] - setText(findTestObject("Object Repository/Page_OpenMRS Electronic Medical Record/input_Who is the patient related to_person-_c8514e_1"), "Simon"): Text 'Simon' is set on object 'Object Repository/Page_OpenMRS Electronic Medical Record/input_Who is the patient related to_person-_c8514e_1'

13-04-2025T16:22:00 - [MESSAGE][PASSED] - Text 'Simon' is set on object 'Object Repository/Page_OpenMRS Electronic Medical Record/input_Who is the patient related to_person-_c8514e_1'

13-04-2025T16:22:00 - [TEST_STEP][PASSED] - click(findTestObject("Object Repository/Page_OpenMRS Electronic Medical Record/button_Confirm submission_next-button")): Object: 'Object Repository/Page_OpenMRS Electronic Medical Record/button_Confirm submission_next-button' is clicked on

13-04-2025T16:22:03 - [MESSAGE][PASSED] - Object: 'Object Repository/Page_OpenMRS Electronic Medical Record/button_Confirm submission_next-button' is clicked on

13-04-2025T16:22:03 - [TEST_STEP][PASSED] - click(findTestObject("Object Repository/Page_OpenMRS Electronic Medical Record/input_Confirm submission_submit")): Object: 'Object Repository/Page_OpenMRS Electronic Medical Record/input_Confirm submission_submit' is clicked on

13-04-2025T16:22:07 - [MESSAGE][PASSED] - Object: 'Object Repository/Page_OpenMRS Electronic Medical Record/input_Confirm submission_submit' is clicked on

13-04-2025T16:22:07 - [TEST_STEP][PASSED] - verifyElementText(findTestObject("Object Repository/Page_OpenMRS Electronic Medical Record/span_irman"), "irman"): Actual text and expected text of test object 'Object Repository/Page_OpenMRS Electronic Medical Record/span_irman' are matched.

13-04-2025T16:22:28 - [MESSAGE][PASSED] - Actual text and expected text of test object 'Object Repository/Page_OpenMRS Electronic Medical Record/span_irman' are matched.

13-04-2025T16:22:28 - [TEST_STEP][PASSED] - verifyElementText(findTestObject("Object Repository/Page_OpenMRS Electronic Medical Record/span_ramadhan"), "ramadhan"): Actual text and expected text of test object 'Object Repository/Page_OpenMRS Electronic Medical Record/span_ramadhan' are matched.

13-04-2025T16:22:33 - [MESSAGE][PASSED] - Actual text and expected text of test object 'Object Repository/Page_OpenMRS Electronic Medical Record/span_ramadhan' are matched.

13-04-2025T16:22:33 - [TEST_STEP][PASSED] - verifyElementText(findTestObject("Object Repository/Page_OpenMRS Electronic Medical Record/span_rama"), randomText): Actual text and expected text of test object 'Object Repository/Page_OpenMRS Electronic Medical Record/span_rama' are matched.

13-04-2025T16:22:33 - [MESSAGE][PASSED] - Actual text and expected text of test object 'Object Repository/Page_OpenMRS Electronic Medical Record/span_rama' are matched.

13-04-2025T16:22:33 - [TEST_STEP][PASSED] - verifyElementText(findTestObject("Object Repository/Page_OpenMRS Electronic Medical Record/em_Given"), "Given"): Actual text and expected text of test object 'Object Repository/Page_OpenMRS Electronic Medical Record/em_Given' are matched.

13-04-2025T16:22:34 - [MESSAGE][PASSED] - Actual text and expected text of test object 'Object Repository/Page_OpenMRS Electronic Medical Record/em_Given' are matched.

13-04-2025T16:22:34 - [TEST_STEP][PASSED] - verifyElementText(findTestObject("Object Repository/Page_OpenMRS Electronic Medical Record/em_Middle"), "Middle"): Actual text and expected text of test object 'Object Repository/Page_OpenMRS Electronic Medical Record/em_Middle' are matched.

13-04-2025T16:22:34 - [MESSAGE][PASSED] - Actual text and expected text of test object 'Object Repository/Page_OpenMRS Electronic Medical Record/em_Middle' are matched.

13-04-2025T16:22:34 - [TEST_STEP][PASSED] - verifyElementText(findTestObject("Object Repository/Page_OpenMRS Electronic Medical Record/em_Family Name"), "Family Name"): Actual text and expected text of test object 'Object Repository/Page_OpenMRS Electronic Medical Record/em_Family Name' are matched.

13-04-2025T16:22:34 - [MESSAGE][PASSED] - Actual text and expected text of test object 'Object Repository/Page_OpenMRS Electronic Medical Record/em_Family Name' are matched.

13-04-2025T16:22:34 - [TEST_STEP][PASSED] - verifyElementText(findTestObject("Object Repository/Page_OpenMRS Electronic Medical Record/span_Male"), "Male "): Actual text and expected text of test object 'Object Repository/Page_OpenMRS Electronic Medical Record/span_Male' are matched.

13-04-2025T16:22:34 - [MESSAGE][PASSED] - Actual text and expected text of test object 'Object Repository/Page_OpenMRS Electronic Medical Record/span_Male' are matched.

13-04-2025T16:22:34 - [TEST_STEP][PASSED] - verifyElementText(findTestObject("Object Repository/Page_OpenMRS Electronic Medical Record/span_31 year(s)                            _1191ad"), "31 year(s) ( 04.Mar.1994)"): Actual text and expected text of test object 'Object Repository/Page_OpenMRS Electronic Medical Record/span_31 year(s)                            _1191ad' are matched.

13-04-2025T16:22:35 - [MESSAGE][PASSED] - Actual text and expected text of test object 'Object Repository/Page_OpenMRS Electronic Medical Record/span_31 year(s)                            _1191ad' are matched.

13-04-2025T16:22:35 - [TEST_STEP][PASSED] - verifyElementText(findTestObject("Object Repository/Page_OpenMRS Electronic Medical Record/em_Patient ID"), "Patient ID"): Actual text and expected text of test object 'Object Repository/Page_OpenMRS Electronic Medical Record/em_Patient ID' are matched.

13-04-2025T16:22:35 - [MESSAGE][PASSED] - Actual text and expected text of test object 'Object Repository/Page_OpenMRS Electronic Medical Record/em_Patient ID' are matched.

13-04-2025T16:22:35 - [TEST_STEP][PASSED] - verifyElementPresent(findTestObject("Object Repository/Page_OpenMRS Electronic Medical Record/span_100LDG"), 10): Object 'Object Repository/Page_OpenMRS Electronic Medical Record/span_100LDG' is present

13-04-2025T16:22:35 - [MESSAGE][PASSED] - Object 'Object Repository/Page_OpenMRS Electronic Medical Record/span_100LDG' is present

13-04-2025T16:22:35 - [TEST_STEP][PASSED] - verifyElementText(findTestObject("Object Repository/Page_OpenMRS Electronic Medical Record/h3_DIAGNOSES"), "DIAGNOSES"): Actual text and expected text of test object 'Object Repository/Page_OpenMRS Electronic Medical Record/h3_DIAGNOSES' are matched.

13-04-2025T16:22:36 - [MESSAGE][PASSED] - Actual text and expected text of test object 'Object Repository/Page_OpenMRS Electronic Medical Record/h3_DIAGNOSES' are matched.

13-04-2025T16:22:36 - [TEST_STEP][PASSED] - verifyElementText(findTestObject("Object Repository/Page_OpenMRS Electronic Medical Record/div_None in the last 730 days"), "None in the last 730 days"): Actual text and expected text of test object 'Object Repository/Page_OpenMRS Electronic Medical Record/div_None in the last 730 days' are matched.

13-04-2025T16:22:36 - [MESSAGE][PASSED] - Actual text and expected text of test object 'Object Repository/Page_OpenMRS Electronic Medical Record/div_None in the last 730 days' are matched.

13-04-2025T16:22:36 - [TEST_STEP][PASSED] - verifyElementText(findTestObject("Object Repository/Page_OpenMRS Electronic Medical Record/h3_LATEST OBSERVATIONS"), "LATEST OBSERVATIONS"): Actual text and expected text of test object 'Object Repository/Page_OpenMRS Electronic Medical Record/h3_LATEST OBSERVATIONS' are matched.

13-04-2025T16:22:36 - [MESSAGE][PASSED] - Actual text and expected text of test object 'Object Repository/Page_OpenMRS Electronic Medical Record/h3_LATEST OBSERVATIONS' are matched.

13-04-2025T16:22:36 - [TEST_STEP][PASSED] - verifyElementText(findTestObject("Object Repository/Page_OpenMRS Electronic Medical Record/p_None in the last   30  days              _127cd3"), "None in the last 30 days None"): Actual text and expected text of test object 'Object Repository/Page_OpenMRS Electronic Medical Record/p_None in the last   30  days              _127cd3' are matched.

13-04-2025T16:22:36 - [MESSAGE][PASSED] - Actual text and expected text of test object 'Object Repository/Page_OpenMRS Electronic Medical Record/p_None in the last   30  days              _127cd3' are matched.

13-04-2025T16:22:36 - [TEST_STEP][PASSED] - verifyElementText(findTestObject("Object Repository/Page_OpenMRS Electronic Medical Record/h3_HEALTH TREND SUMMARY"), "HEALTH TREND SUMMARY"): Actual text and expected text of test object 'Object Repository/Page_OpenMRS Electronic Medical Record/h3_HEALTH TREND SUMMARY' are matched.

13-04-2025T16:22:37 - [MESSAGE][PASSED] - Actual text and expected text of test object 'Object Repository/Page_OpenMRS Electronic Medical Record/h3_HEALTH TREND SUMMARY' are matched.

13-04-2025T16:22:37 - [TEST_STEP][PASSED] - verifyElementText(findTestObject("Object Repository/Page_OpenMRS Electronic Medical Record/h3_WEIGHT GRAPH"), "WEIGHT GRAPH"): Actual text and expected text of test object 'Object Repository/Page_OpenMRS Electronic Medical Record/h3_WEIGHT GRAPH' are matched.

13-04-2025T16:22:37 - [MESSAGE][PASSED] - Actual text and expected text of test object 'Object Repository/Page_OpenMRS Electronic Medical Record/h3_WEIGHT GRAPH' are matched.

13-04-2025T16:22:37 - [TEST_STEP][PASSED] - verifyElementText(findTestObject("Object Repository/Page_OpenMRS Electronic Medical Record/strong_Weight (kg)"), "Weight (kg)"): Actual text and expected text of test object 'Object Repository/Page_OpenMRS Electronic Medical Record/strong_Weight (kg)' are matched.

13-04-2025T16:22:37 - [MESSAGE][PASSED] - Actual text and expected text of test object 'Object Repository/Page_OpenMRS Electronic Medical Record/strong_Weight (kg)' are matched.

13-04-2025T16:22:37 - [TEST_STEP][PASSED] - verifyElementText(findTestObject("Object Repository/Page_OpenMRS Electronic Medical Record/span_None in the last   365  days"), "None in the last 365 days"): Actual text and expected text of test object 'Object Repository/Page_OpenMRS Electronic Medical Record/span_None in the last   365  days' are matched.

13-04-2025T16:22:37 - [MESSAGE][PASSED] - Actual text and expected text of test object 'Object Repository/Page_OpenMRS Electronic Medical Record/span_None in the last   365  days' are matched.

13-04-2025T16:22:37 - [TEST_STEP][PASSED] - verifyElementText(findTestObject("Object Repository/Page_OpenMRS Electronic Medical Record/h3_VITALS"), "VITALS"): Actual text and expected text of test object 'Object Repository/Page_OpenMRS Electronic Medical Record/h3_VITALS' are matched.

13-04-2025T16:22:38 - [MESSAGE][PASSED] - Actual text and expected text of test object 'Object Repository/Page_OpenMRS Electronic Medical Record/h3_VITALS' are matched.

13-04-2025T16:22:38 - [TEST_STEP][PASSED] - verifyElementText(findTestObject("Object Repository/Page_OpenMRS Electronic Medical Record/div_None"), "None"): Actual text and expected text of test object 'Object Repository/Page_OpenMRS Electronic Medical Record/div_None' are matched.

13-04-2025T16:22:38 - [MESSAGE][PASSED] - Actual text and expected text of test object 'Object Repository/Page_OpenMRS Electronic Medical Record/div_None' are matched.

13-04-2025T16:22:38 - [TEST_STEP][PASSED] - verifyElementText(findTestObject("Object Repository/Page_OpenMRS Electronic Medical Record/h3_APPOINTMENTS"), "APPOINTMENTS"): Actual text and expected text of test object 'Object Repository/Page_OpenMRS Electronic Medical Record/h3_APPOINTMENTS' are matched.

13-04-2025T16:22:38 - [MESSAGE][PASSED] - Actual text and expected text of test object 'Object Repository/Page_OpenMRS Electronic Medical Record/h3_APPOINTMENTS' are matched.

13-04-2025T16:22:38 - [TEST_STEP][PASSED] - verifyElementText(findTestObject("Object Repository/Page_OpenMRS Electronic Medical Record/div_None_1"), "None"): Actual text and expected text of test object 'Object Repository/Page_OpenMRS Electronic Medical Record/div_None_1' are matched.

13-04-2025T16:22:38 - [MESSAGE][PASSED] - Actual text and expected text of test object 'Object Repository/Page_OpenMRS Electronic Medical Record/div_None_1' are matched.

13-04-2025T16:22:38 - [TEST_STEP][PASSED] - verifyElementText(findTestObject("Object Repository/Page_OpenMRS Electronic Medical Record/h3_RECENT VISITS"), "RECENT VISITS"): Actual text and expected text of test object 'Object Repository/Page_OpenMRS Electronic Medical Record/h3_RECENT VISITS' are matched.

13-04-2025T16:22:39 - [MESSAGE][PASSED] - Actual text and expected text of test object 'Object Repository/Page_OpenMRS Electronic Medical Record/h3_RECENT VISITS' are matched.

13-04-2025T16:22:39 - [TEST_STEP][PASSED] - verifyElementText(findTestObject("Object Repository/Page_OpenMRS Electronic Medical Record/p_None"), "None"): Actual text and expected text of test object 'Object Repository/Page_OpenMRS Electronic Medical Record/p_None' are matched.

13-04-2025T16:22:39 - [MESSAGE][PASSED] - Actual text and expected text of test object 'Object Repository/Page_OpenMRS Electronic Medical Record/p_None' are matched.

13-04-2025T16:22:39 - [TEST_STEP][PASSED] - verifyElementText(findTestObject("Object Repository/Page_OpenMRS Electronic Medical Record/h3_FAMILY"), "FAMILY"): Actual text and expected text of test object 'Object Repository/Page_OpenMRS Electronic Medical Record/h3_FAMILY' are matched.

13-04-2025T16:22:39 - [MESSAGE][PASSED] - Actual text and expected text of test object 'Object Repository/Page_OpenMRS Electronic Medical Record/h3_FAMILY' are matched.

13-04-2025T16:22:39 - [TEST_STEP][PASSED] - verifyElementText(findTestObject("Object Repository/Page_OpenMRS Electronic Medical Record/p_None_1"), "None"): Actual text and expected text of test object 'Object Repository/Page_OpenMRS Electronic Medical Record/p_None_1' are matched.

13-04-2025T16:22:40 - [MESSAGE][PASSED] - Actual text and expected text of test object 'Object Repository/Page_OpenMRS Electronic Medical Record/p_None_1' are matched.

13-04-2025T16:22:40 - [TEST_STEP][PASSED] - verifyElementText(findTestObject("Object Repository/Page_OpenMRS Electronic Medical Record/h3_CONDITIONS"), "CONDITIONS"): Actual text and expected text of test object 'Object Repository/Page_OpenMRS Electronic Medical Record/h3_CONDITIONS' are matched.

13-04-2025T16:22:40 - [MESSAGE][PASSED] - Actual text and expected text of test object 'Object Repository/Page_OpenMRS Electronic Medical Record/h3_CONDITIONS' are matched.

13-04-2025T16:22:40 - [TEST_STEP][PASSED] - verifyElementText(findTestObject("Object Repository/Page_OpenMRS Electronic Medical Record/p_None_1_2"), "None"): Actual text and expected text of test object 'Object Repository/Page_OpenMRS Electronic Medical Record/p_None_1_2' are matched.

13-04-2025T16:22:40 - [MESSAGE][PASSED] - Actual text and expected text of test object 'Object Repository/Page_OpenMRS Electronic Medical Record/p_None_1_2' are matched.

13-04-2025T16:22:40 - [TEST_STEP][PASSED] - verifyElementText(findTestObject("Object Repository/Page_OpenMRS Electronic Medical Record/h3_ATTACHMENTS"), "ATTACHMENTS"): Actual text and expected text of test object 'Object Repository/Page_OpenMRS Electronic Medical Record/h3_ATTACHMENTS' are matched.

13-04-2025T16:22:40 - [MESSAGE][PASSED] - Actual text and expected text of test object 'Object Repository/Page_OpenMRS Electronic Medical Record/h3_ATTACHMENTS' are matched.

13-04-2025T16:22:40 - [TEST_STEP][PASSED] - verifyElementText(findTestObject("Object Repository/Page_OpenMRS Electronic Medical Record/h3_ALLERGIES"), "ALLERGIES"): Actual text and expected text of test object 'Object Repository/Page_OpenMRS Electronic Medical Record/h3_ALLERGIES' are matched.

13-04-2025T16:22:40 - [MESSAGE][PASSED] - Actual text and expected text of test object 'Object Repository/Page_OpenMRS Electronic Medical Record/h3_ALLERGIES' are matched.

13-04-2025T16:22:40 - [TEST_STEP][PASSED] - verifyElementText(findTestObject("Object Repository/Page_OpenMRS Electronic Medical Record/div_Unknown"), "Unknown"): Actual text and expected text of test object 'Object Repository/Page_OpenMRS Electronic Medical Record/div_Unknown' are matched.

13-04-2025T16:22:41 - [MESSAGE][PASSED] - Actual text and expected text of test object 'Object Repository/Page_OpenMRS Electronic Medical Record/div_Unknown' are matched.

13-04-2025T16:22:41 - [TEST_STEP][PASSED] - verifyElementText(findTestObject("Object Repository/Page_OpenMRS Electronic Medical Record/h3_General Actions"), "General Actions"): Actual text and expected text of test object 'Object Repository/Page_OpenMRS Electronic Medical Record/h3_General Actions' are matched.

13-04-2025T16:22:41 - [MESSAGE][PASSED] - Actual text and expected text of test object 'Object Repository/Page_OpenMRS Electronic Medical Record/h3_General Actions' are matched.

13-04-2025T16:22:41 - [TEST_STEP][PASSED] - verifyElementText(findTestObject("Object Repository/Page_OpenMRS Electronic Medical Record/div_Start Visit"), "Start Visit"): Actual text and expected text of test object 'Object Repository/Page_OpenMRS Electronic Medical Record/div_Start Visit' are matched.

13-04-2025T16:22:41 - [MESSAGE][PASSED] - Actual text and expected text of test object 'Object Repository/Page_OpenMRS Electronic Medical Record/div_Start Visit' are matched.

13-04-2025T16:22:41 - [TEST_STEP][PASSED] - verifyElementText(findTestObject("Object Repository/Page_OpenMRS Electronic Medical Record/div_Add Past Visit"), "Add Past Visit"): Actual text and expected text of test object 'Object Repository/Page_OpenMRS Electronic Medical Record/div_Add Past Visit' are matched.

13-04-2025T16:22:42 - [MESSAGE][PASSED] - Actual text and expected text of test object 'Object Repository/Page_OpenMRS Electronic Medical Record/div_Add Past Visit' are matched.

13-04-2025T16:22:42 - [TEST_STEP][PASSED] - verifyElementText(findTestObject("Object Repository/Page_OpenMRS Electronic Medical Record/div_Schedule Appointment"), "Schedule Appointment"): Actual text and expected text of test object 'Object Repository/Page_OpenMRS Electronic Medical Record/div_Schedule Appointment' are matched.

13-04-2025T16:22:42 - [MESSAGE][PASSED] - Actual text and expected text of test object 'Object Repository/Page_OpenMRS Electronic Medical Record/div_Schedule Appointment' are matched.

13-04-2025T16:22:42 - [TEST_STEP][PASSED] - verifyElementText(findTestObject("Object Repository/Page_OpenMRS Electronic Medical Record/div_Request Appointment"), "Request Appointment"): Actual text and expected text of test object 'Object Repository/Page_OpenMRS Electronic Medical Record/div_Request Appointment' are matched.

13-04-2025T16:22:42 - [MESSAGE][PASSED] - Actual text and expected text of test object 'Object Repository/Page_OpenMRS Electronic Medical Record/div_Request Appointment' are matched.

13-04-2025T16:22:42 - [TEST_STEP][PASSED] - verifyElementText(findTestObject("Object Repository/Page_OpenMRS Electronic Medical Record/div_Mark Patient Deceased"), "Mark Patient Deceased"): Actual text and expected text of test object 'Object Repository/Page_OpenMRS Electronic Medical Record/div_Mark Patient Deceased' are matched.

13-04-2025T16:22:42 - [MESSAGE][PASSED] - Actual text and expected text of test object 'Object Repository/Page_OpenMRS Electronic Medical Record/div_Mark Patient Deceased' are matched.

13-04-2025T16:22:42 - [TEST_STEP][PASSED] - verifyElementText(findTestObject("Object Repository/Page_OpenMRS Electronic Medical Record/div_Edit Registration Information"), "Edit Registration Information"): Actual text and expected text of test object 'Object Repository/Page_OpenMRS Electronic Medical Record/div_Edit Registration Information' are matched.

13-04-2025T16:22:43 - [MESSAGE][PASSED] - Actual text and expected text of test object 'Object Repository/Page_OpenMRS Electronic Medical Record/div_Edit Registration Information' are matched.

13-04-2025T16:22:43 - [TEST_STEP][PASSED] - verifyElementText(findTestObject("Object Repository/Page_OpenMRS Electronic Medical Record/div_Delete Patient"), "Delete Patient"): Actual text and expected text of test object 'Object Repository/Page_OpenMRS Electronic Medical Record/div_Delete Patient' are matched.

13-04-2025T16:22:43 - [MESSAGE][PASSED] - Actual text and expected text of test object 'Object Repository/Page_OpenMRS Electronic Medical Record/div_Delete Patient' are matched.

13-04-2025T16:22:43 - [TEST_STEP][PASSED] - verifyElementText(findTestObject("Object Repository/Page_OpenMRS Electronic Medical Record/div_Attachments"), "Attachments"): Actual text and expected text of test object 'Object Repository/Page_OpenMRS Electronic Medical Record/div_Attachments' are matched.

13-04-2025T16:22:43 - [MESSAGE][PASSED] - Actual text and expected text of test object 'Object Repository/Page_OpenMRS Electronic Medical Record/div_Attachments' are matched.]]></system-out>
         <system-err><![CDATA[]]></system-err>
      </testcase>
      <system-out><![CDATA[13-04-2025T16:19:56 - [TEST_SUITE][PASSED] - 2.TS_RegisterPatient: Test Cases/2. Register Patient/1. Admin mandaftarkan pasien baru]]></system-out>
      <system-err><![CDATA[]]></system-err>
   </testsuite>
   <testsuite name="3.TS_Find_Patient_Record" tests="4" failures="0" errors="0" time="347.676" skipped="0" timestamp="13-04-2025T16:22:47" hostname="acer - 20.20.2.217" id="Test Suites/3.TS_Find_Patient_Record">
      <properties>
         <property name="deviceName" value=""/>
         <property name="devicePlatform"/>
         <property name="logFolder" value="C:\\Users\\acer\\OneDrive\\Documents\\Automation-openRMS\\Reports\\20250413_161708\\3.TS_Find_Patient_Record\\20250413_161713"/>
         <property name="logFiles" value="C:\\Users\\acer\\OneDrive\\Documents\\Automation-openRMS\\Reports\\20250413_161708\\3.TS_Find_Patient_Record\\20250413_161713\\execution0.log"/>
         <property name="attachments" value="C:\\Users\\acer\\OneDrive\\Documents\\Automation-openRMS\\Reports\\20250413_161708\\3.TS_Find_Patient_Record\\20250413_161713\\1744536318222.png, C:\\Users\\acer\\OneDrive\\Documents\\Automation-openRMS\\Reports\\20250413_161708\\3.TS_Find_Patient_Record\\20250413_161713\\1744536359376.png"/>
         <property name="hostName" value="acer - 20.20.2.217"/>
         <property name="os" value="Windows 11 64bit"/>
         <property name="katalonVersion" value="10.1.1.0"/>
         <property name="browser" value="Chrome 135.0.7049.42"/>
         <property name="hostAddress" value="20.20.2.217"/>
         <property name="sessionId" value="a4a0568c7c969995f2b08328077575e9"/>
         <property name="seleniumVersion" value="4.22.0"/>
         <property name="proxyInformation" value="ProxyInformation { proxyOption=NO_PROXY, proxyServerType=HTTP, username=, password=********, proxyServerAddress=, proxyServerPort=0, executionList=&quot;&quot;, isApplyToDesiredCapabilities=true }"/>
         <property name="platform" value="Windows 11"/>
      </properties>
      <testcase name="Test Cases/3. Find Patient Record/1. Search Patient by Name" time="43.69" classname="Test Cases/3. Find Patient Record/1. Search Patient by Name" status="PASSED">
         <system-out><![CDATA[13-04-2025T16:22:47 - [TEST_CASE][PASSED] - Test Cases/3. Find Patient Record/1. Search Patient by Name: Test Cases/3. Find Patient Record/1. Search Patient by Name

13-04-2025T16:22:47 - [TEST_STEP][PASSED] - Start listener action : sampleBeforeTestCase: Actual text and expected text of test object 'Object Repository/Dashboard/login_as' are matched.

13-04-2025T16:22:47 - [TEST_STEP][PASSED] - openBrowser(""): Browser is opened with url: ''

13-04-2025T16:22:47 - [MESSAGE][INFO] - Starting 'Chrome' driver

13-04-2025T16:22:48 - [MESSAGE][INFO] - Action delay is set to 0 milliseconds

13-04-2025T16:22:50 - [MESSAGE][PASSED] - Browser is opened with url: ''

13-04-2025T16:22:50 - [TEST_STEP][PASSED] - maximizeWindow(): Current window maximized

13-04-2025T16:22:50 - [MESSAGE][PASSED] - Current window maximized

13-04-2025T16:22:50 - [TEST_STEP][PASSED] - navigateToUrl(url): Navigate to 'https://o2.openmrs.org/openmrs/login.htm' successfully

13-04-2025T16:23:16 - [MESSAGE][PASSED] - Navigate to 'https://o2.openmrs.org/openmrs/login.htm' successfully

13-04-2025T16:23:16 - [TEST_STEP][PASSED] - setText(findTestObject("Object Repository/Page_Login/input_Username_username"), "admin"): Text 'admin' is set on object 'Object Repository/Page_Login/input_Username_username'

13-04-2025T16:23:16 - [MESSAGE][PASSED] - Text 'admin' is set on object 'Object Repository/Page_Login/input_Username_username'

13-04-2025T16:23:16 - [TEST_STEP][PASSED] - setEncryptedText(findTestObject("Object Repository/Page_Login/input_Password_password"), "/5S6MFFLcE4mlsixtc6/Tg=="): Text ****** has been set on object 'Object Repository/Page_Login/input_Password_password'

13-04-2025T16:23:17 - [MESSAGE][PASSED] - Text ****** has been set on object 'Object Repository/Page_Login/input_Password_password'

13-04-2025T16:23:17 - [TEST_STEP][PASSED] - click(findTestObject("Object Repository/Page_Login/li_Pharmacy")): Object: 'Object Repository/Page_Login/li_Pharmacy' is clicked on

13-04-2025T16:23:17 - [MESSAGE][PASSED] - Object: 'Object Repository/Page_Login/li_Pharmacy' is clicked on

13-04-2025T16:23:17 - [TEST_STEP][PASSED] - click(findTestObject("Object Repository/Page_Login/input_Registration Desk_loginButton")): Object: 'Object Repository/Page_Login/input_Registration Desk_loginButton' is clicked on

13-04-2025T16:23:21 - [MESSAGE][PASSED] - Object: 'Object Repository/Page_Login/input_Registration Desk_loginButton' is clicked on

13-04-2025T16:23:21 - [TEST_STEP][PASSED] - verifyElementText(findTestObject("Object Repository/Dashboard/login_as"), "Logged in as Super User (admin) at Pharmacy."): Actual text and expected text of test object 'Object Repository/Dashboard/login_as' are matched.

13-04-2025T16:23:21 - [MESSAGE][PASSED] - Actual text and expected text of test object 'Object Repository/Dashboard/login_as' are matched.

13-04-2025T16:23:21 - [TEST_STEP][PASSED] - click(findTestObject("Object Repository/Page_Home/a_Find Patient Record (1)")): Object: 'Object Repository/Page_Home/a_Find Patient Record (1)' is clicked on

13-04-2025T16:23:27 - [MESSAGE][PASSED] - Object: 'Object Repository/Page_Home/a_Find Patient Record (1)' is clicked on

13-04-2025T16:23:27 - [TEST_STEP][PASSED] - setText(findTestObject("Object Repository/Page_OpenMRS Electronic Medical Record/input_Find Patient Record_patient-search (1)"), "Nindy Silvi Kusumaningrum"): Text 'Nindy Silvi Kusumaningrum' is set on object 'Object Repository/Page_OpenMRS Electronic Medical Record/input_Find Patient Record_patient-search (1)'

13-04-2025T16:23:27 - [MESSAGE][PASSED] - Text 'Nindy Silvi Kusumaningrum' is set on object 'Object Repository/Page_OpenMRS Electronic Medical Record/input_Find Patient Record_patient-search (1)'

13-04-2025T16:23:27 - [TEST_STEP][PASSED] - verifyElementPresent(findTestObject("Object Repository/Page_OpenMRS Electronic Medical Record/td_100J27Recent"), 5): Object 'Object Repository/Page_OpenMRS Electronic Medical Record/td_100J27Recent' is present

13-04-2025T16:23:28 - [MESSAGE][PASSED] - Object 'Object Repository/Page_OpenMRS Electronic Medical Record/td_100J27Recent' is present

13-04-2025T16:23:28 - [TEST_STEP][PASSED] - verifyElementText(findTestObject("Object Repository/Page_OpenMRS Electronic Medical Record/td_irman ramadhan rama"), "Nindy Silvi Kusumaningrum"): Actual text and expected text of test object 'Object Repository/Page_OpenMRS Electronic Medical Record/td_irman ramadhan rama' are matched.

13-04-2025T16:23:28 - [MESSAGE][PASSED] - Actual text and expected text of test object 'Object Repository/Page_OpenMRS Electronic Medical Record/td_irman ramadhan rama' are matched.

13-04-2025T16:23:28 - [TEST_STEP][PASSED] - verifyElementText(findTestObject("Object Repository/Page_OpenMRS Electronic Medical Record/td_M"), "F"): Actual text and expected text of test object 'Object Repository/Page_OpenMRS Electronic Medical Record/td_M' are matched.

13-04-2025T16:23:29 - [MESSAGE][PASSED] - Actual text and expected text of test object 'Object Repository/Page_OpenMRS Electronic Medical Record/td_M' are matched.

13-04-2025T16:23:29 - [TEST_STEP][PASSED] - verifyElementText(findTestObject("Object Repository/Page_OpenMRS Electronic Medical Record/td_31"), "22"): Actual text and expected text of test object 'Object Repository/Page_OpenMRS Electronic Medical Record/td_31' are matched.

13-04-2025T16:23:29 - [MESSAGE][PASSED] - Actual text and expected text of test object 'Object Repository/Page_OpenMRS Electronic Medical Record/td_31' are matched.

13-04-2025T16:23:29 - [TEST_STEP][PASSED] - verifyElementText(findTestObject("Object Repository/Page_OpenMRS Electronic Medical Record/birthDate"), "   13 Sep 2002"): Actual text and expected text of test object 'Object Repository/Page_OpenMRS Electronic Medical Record/birthDate' are matched.

13-04-2025T16:23:29 - [MESSAGE][PASSED] - Actual text and expected text of test object 'Object Repository/Page_OpenMRS Electronic Medical Record/birthDate' are matched.

13-04-2025T16:23:29 - [TEST_STEP][PASSED] - verifyElementText(findTestObject("Object Repository/Page_OpenMRS Electronic Medical Record/div_Identifier"), "Identifier"): Actual text and expected text of test object 'Object Repository/Page_OpenMRS Electronic Medical Record/div_Identifier' are matched.

13-04-2025T16:23:29 - [MESSAGE][PASSED] - Actual text and expected text of test object 'Object Repository/Page_OpenMRS Electronic Medical Record/div_Identifier' are matched.

13-04-2025T16:23:29 - [TEST_STEP][PASSED] - verifyElementText(findTestObject("Object Repository/Page_OpenMRS Electronic Medical Record/div_Name"), "Name"): Actual text and expected text of test object 'Object Repository/Page_OpenMRS Electronic Medical Record/div_Name' are matched.

13-04-2025T16:23:30 - [MESSAGE][PASSED] - Actual text and expected text of test object 'Object Repository/Page_OpenMRS Electronic Medical Record/div_Name' are matched.

13-04-2025T16:23:30 - [TEST_STEP][PASSED] - verifyElementText(findTestObject("Object Repository/Page_OpenMRS Electronic Medical Record/div_Gender"), "Gender"): Actual text and expected text of test object 'Object Repository/Page_OpenMRS Electronic Medical Record/div_Gender' are matched.

13-04-2025T16:23:30 - [MESSAGE][PASSED] - Actual text and expected text of test object 'Object Repository/Page_OpenMRS Electronic Medical Record/div_Gender' are matched.

13-04-2025T16:23:30 - [TEST_STEP][PASSED] - verifyElementText(findTestObject("Object Repository/Page_OpenMRS Electronic Medical Record/div_Age"), "Age"): Actual text and expected text of test object 'Object Repository/Page_OpenMRS Electronic Medical Record/div_Age' are matched.

13-04-2025T16:23:30 - [MESSAGE][PASSED] - Actual text and expected text of test object 'Object Repository/Page_OpenMRS Electronic Medical Record/div_Age' are matched.

13-04-2025T16:23:30 - [TEST_STEP][PASSED] - verifyElementText(findTestObject("Object Repository/Page_OpenMRS Electronic Medical Record/div_Birthdate"), "Birthdate"): Actual text and expected text of test object 'Object Repository/Page_OpenMRS Electronic Medical Record/div_Birthdate' are matched.

13-04-2025T16:23:31 - [MESSAGE][PASSED] - Actual text and expected text of test object 'Object Repository/Page_OpenMRS Electronic Medical Record/div_Birthdate' are matched.

13-04-2025T16:23:31 - [TEST_STEP][PASSED] - verifyElementText(findTestObject("Object Repository/Page_OpenMRS Electronic Medical Record/h2_Find Patient Record"), "Find Patient Record"): Actual text and expected text of test object 'Object Repository/Page_OpenMRS Electronic Medical Record/h2_Find Patient Record' are matched.

13-04-2025T16:23:31 - [MESSAGE][PASSED] - Actual text and expected text of test object 'Object Repository/Page_OpenMRS Electronic Medical Record/h2_Find Patient Record' are matched.]]></system-out>
         <system-err><![CDATA[]]></system-err>
      </testcase>
      <testcase name="Test Cases/3. Find Patient Record/2. Patient Information" time="66.117" classname="Test Cases/3. Find Patient Record/2. Patient Information" status="PASSED">
         <system-out><![CDATA[13-04-2025T16:23:31 - [TEST_CASE][PASSED] - Test Cases/3. Find Patient Record/2. Patient Information: Test Cases/3. Find Patient Record/2. Patient Information

13-04-2025T16:23:31 - [TEST_STEP][PASSED] - Start listener action : sampleBeforeTestCase: Actual text and expected text of test object 'Object Repository/Dashboard/login_as' are matched.

13-04-2025T16:23:31 - [TEST_STEP][PASSED] - openBrowser(""): Browser is opened with url: ''

13-04-2025T16:23:31 - [MESSAGE][WARNING] - A browser is already opened. Closing browser and opening a new one

13-04-2025T16:23:31 - [MESSAGE][INFO] - Starting 'Chrome' driver

13-04-2025T16:23:31 - [MESSAGE][INFO] - Action delay is set to 0 milliseconds

13-04-2025T16:23:32 - [MESSAGE][PASSED] - Browser is opened with url: ''

13-04-2025T16:23:32 - [TEST_STEP][PASSED] - maximizeWindow(): Current window maximized

13-04-2025T16:23:32 - [MESSAGE][PASSED] - Current window maximized

13-04-2025T16:23:32 - [TEST_STEP][PASSED] - navigateToUrl(url): Navigate to 'https://o2.openmrs.org/openmrs/login.htm' successfully

13-04-2025T16:23:58 - [MESSAGE][PASSED] - Navigate to 'https://o2.openmrs.org/openmrs/login.htm' successfully

13-04-2025T16:23:58 - [TEST_STEP][PASSED] - setText(findTestObject("Object Repository/Page_Login/input_Username_username"), "admin"): Text 'admin' is set on object 'Object Repository/Page_Login/input_Username_username'

13-04-2025T16:23:58 - [MESSAGE][PASSED] - Text 'admin' is set on object 'Object Repository/Page_Login/input_Username_username'

13-04-2025T16:23:58 - [TEST_STEP][PASSED] - setEncryptedText(findTestObject("Object Repository/Page_Login/input_Password_password"), "/5S6MFFLcE4mlsixtc6/Tg=="): Text ****** has been set on object 'Object Repository/Page_Login/input_Password_password'

13-04-2025T16:23:59 - [MESSAGE][PASSED] - Text ****** has been set on object 'Object Repository/Page_Login/input_Password_password'

13-04-2025T16:23:59 - [TEST_STEP][PASSED] - click(findTestObject("Object Repository/Page_Login/li_Pharmacy")): Object: 'Object Repository/Page_Login/li_Pharmacy' is clicked on

13-04-2025T16:23:59 - [MESSAGE][PASSED] - Object: 'Object Repository/Page_Login/li_Pharmacy' is clicked on

13-04-2025T16:23:59 - [TEST_STEP][PASSED] - click(findTestObject("Object Repository/Page_Login/input_Registration Desk_loginButton")): Object: 'Object Repository/Page_Login/input_Registration Desk_loginButton' is clicked on

13-04-2025T16:23:59 - [MESSAGE][PASSED] - Object: 'Object Repository/Page_Login/input_Registration Desk_loginButton' is clicked on

13-04-2025T16:23:59 - [TEST_STEP][PASSED] - verifyElementText(findTestObject("Object Repository/Dashboard/login_as"), "Logged in as Super User (admin) at Pharmacy."): Actual text and expected text of test object 'Object Repository/Dashboard/login_as' are matched.

13-04-2025T16:24:02 - [MESSAGE][PASSED] - Actual text and expected text of test object 'Object Repository/Dashboard/login_as' are matched.

13-04-2025T16:24:02 - [TEST_STEP][PASSED] - click(findTestObject("Object Repository/Page_Home/a_Find Patient Record (2)")): Object: 'Object Repository/Page_Home/a_Find Patient Record (2)' is clicked on

13-04-2025T16:24:06 - [MESSAGE][PASSED] - Object: 'Object Repository/Page_Home/a_Find Patient Record (2)' is clicked on

13-04-2025T16:24:06 - [TEST_STEP][PASSED] - setText(findTestObject("Object Repository/Page_OpenMRS Electronic Medical Record/input_Find Patient Record_patient-search (2)"), "irman"): Text 'irman' is set on object 'Object Repository/Page_OpenMRS Electronic Medical Record/input_Find Patient Record_patient-search (2)'

13-04-2025T16:24:06 - [MESSAGE][PASSED] - Text 'irman' is set on object 'Object Repository/Page_OpenMRS Electronic Medical Record/input_Find Patient Record_patient-search (2)'

13-04-2025T16:24:06 - [TEST_STEP][PASSED] - waitForElementVisible(findTestObject("Object Repository/Page_OpenMRS Electronic Medical Record/td_irman ramadhan rama (1)"), 10): Object 'Object Repository/Page_OpenMRS Electronic Medical Record/td_irman ramadhan rama (1)' is visible

13-04-2025T16:24:07 - [MESSAGE][PASSED] - Object 'Object Repository/Page_OpenMRS Electronic Medical Record/td_irman ramadhan rama (1)' is visible

13-04-2025T16:24:07 - [TEST_STEP][PASSED] - click(findTestObject("Object Repository/Page_OpenMRS Electronic Medical Record/td_irman ramadhan rama (1)")): Object: 'Object Repository/Page_OpenMRS Electronic Medical Record/td_irman ramadhan rama (1)' is clicked on

13-04-2025T16:24:20 - [MESSAGE][PASSED] - Object: 'Object Repository/Page_OpenMRS Electronic Medical Record/td_irman ramadhan rama (1)' is clicked on

13-04-2025T16:24:20 - [TEST_STEP][PASSED] - verifyElementText(findTestObject("Object Repository/Page_OpenMRS Electronic Medical Record/span_irman (1)"), "irman"): Actual text and expected text of test object 'Object Repository/Page_OpenMRS Electronic Medical Record/span_irman (1)' are matched.

13-04-2025T16:24:26 - [MESSAGE][PASSED] - Actual text and expected text of test object 'Object Repository/Page_OpenMRS Electronic Medical Record/span_irman (1)' are matched.

13-04-2025T16:24:26 - [TEST_STEP][PASSED] - verifyElementText(findTestObject("Object Repository/Page_OpenMRS Electronic Medical Record/span_ramadhan (1)"), "ramadhan"): Actual text and expected text of test object 'Object Repository/Page_OpenMRS Electronic Medical Record/span_ramadhan (1)' are matched.

13-04-2025T16:24:27 - [MESSAGE][PASSED] - Actual text and expected text of test object 'Object Repository/Page_OpenMRS Electronic Medical Record/span_ramadhan (1)' are matched.

13-04-2025T16:24:27 - [TEST_STEP][PASSED] - verifyElementText(findTestObject("Object Repository/Page_OpenMRS Electronic Medical Record/em_Given (1)"), "Given"): Actual text and expected text of test object 'Object Repository/Page_OpenMRS Electronic Medical Record/em_Given (1)' are matched.

13-04-2025T16:24:27 - [MESSAGE][PASSED] - Actual text and expected text of test object 'Object Repository/Page_OpenMRS Electronic Medical Record/em_Given (1)' are matched.

13-04-2025T16:24:27 - [TEST_STEP][PASSED] - verifyElementText(findTestObject("Object Repository/Page_OpenMRS Electronic Medical Record/em_Middle (1)"), "Middle"): Actual text and expected text of test object 'Object Repository/Page_OpenMRS Electronic Medical Record/em_Middle (1)' are matched.

13-04-2025T16:24:27 - [MESSAGE][PASSED] - Actual text and expected text of test object 'Object Repository/Page_OpenMRS Electronic Medical Record/em_Middle (1)' are matched.

13-04-2025T16:24:27 - [TEST_STEP][PASSED] - verifyElementText(findTestObject("Object Repository/Page_OpenMRS Electronic Medical Record/em_Family Name (1)"), "Family Name"): Actual text and expected text of test object 'Object Repository/Page_OpenMRS Electronic Medical Record/em_Family Name (1)' are matched.

13-04-2025T16:24:27 - [MESSAGE][PASSED] - Actual text and expected text of test object 'Object Repository/Page_OpenMRS Electronic Medical Record/em_Family Name (1)' are matched.

13-04-2025T16:24:27 - [TEST_STEP][PASSED] - verifyElementText(findTestObject("Object Repository/Page_OpenMRS Electronic Medical Record/span_Male (1)"), "Male "): Actual text and expected text of test object 'Object Repository/Page_OpenMRS Electronic Medical Record/span_Male (1)' are matched.

13-04-2025T16:24:28 - [MESSAGE][PASSED] - Actual text and expected text of test object 'Object Repository/Page_OpenMRS Electronic Medical Record/span_Male (1)' are matched.

13-04-2025T16:24:28 - [TEST_STEP][PASSED] - verifyElementText(findTestObject("Object Repository/Page_OpenMRS Electronic Medical Record/span_31 year(s)                            _1191ad (1)"), "31 year(s) ( 04.Mar.1994)"): Actual text and expected text of test object 'Object Repository/Page_OpenMRS Electronic Medical Record/span_31 year(s)                            _1191ad (1)' are matched.

13-04-2025T16:24:28 - [MESSAGE][PASSED] - Actual text and expected text of test object 'Object Repository/Page_OpenMRS Electronic Medical Record/span_31 year(s)                            _1191ad (1)' are matched.

13-04-2025T16:24:28 - [TEST_STEP][PASSED] - verifyElementText(findTestObject("Object Repository/Page_OpenMRS Electronic Medical Record/em_Patient ID (1)"), "Patient ID"): Actual text and expected text of test object 'Object Repository/Page_OpenMRS Electronic Medical Record/em_Patient ID (1)' are matched.

13-04-2025T16:24:28 - [MESSAGE][PASSED] - Actual text and expected text of test object 'Object Repository/Page_OpenMRS Electronic Medical Record/em_Patient ID (1)' are matched.

13-04-2025T16:24:28 - [TEST_STEP][PASSED] - verifyElementPresent(findTestObject("Object Repository/Page_OpenMRS Electronic Medical Record/span_100LDG (1)"), 10): Object 'Object Repository/Page_OpenMRS Electronic Medical Record/span_100LDG (1)' is present

13-04-2025T16:24:29 - [MESSAGE][PASSED] - Object 'Object Repository/Page_OpenMRS Electronic Medical Record/span_100LDG (1)' is present

13-04-2025T16:24:29 - [TEST_STEP][PASSED] - verifyElementText(findTestObject("Object Repository/Page_OpenMRS Electronic Medical Record/h3_DIAGNOSES (1)"), "DIAGNOSES"): Actual text and expected text of test object 'Object Repository/Page_OpenMRS Electronic Medical Record/h3_DIAGNOSES (1)' are matched.

13-04-2025T16:24:29 - [MESSAGE][PASSED] - Actual text and expected text of test object 'Object Repository/Page_OpenMRS Electronic Medical Record/h3_DIAGNOSES (1)' are matched.

13-04-2025T16:24:29 - [TEST_STEP][PASSED] - verifyElementText(findTestObject("Object Repository/Page_OpenMRS Electronic Medical Record/div_None in the last 730 days (1)"), "None in the last 730 days"): Actual text and expected text of test object 'Object Repository/Page_OpenMRS Electronic Medical Record/div_None in the last 730 days (1)' are matched.

13-04-2025T16:24:29 - [MESSAGE][PASSED] - Actual text and expected text of test object 'Object Repository/Page_OpenMRS Electronic Medical Record/div_None in the last 730 days (1)' are matched.

13-04-2025T16:24:29 - [TEST_STEP][PASSED] - verifyElementText(findTestObject("Object Repository/Page_OpenMRS Electronic Medical Record/h3_LATEST OBSERVATIONS (1)"), "LATEST OBSERVATIONS"): Actual text and expected text of test object 'Object Repository/Page_OpenMRS Electronic Medical Record/h3_LATEST OBSERVATIONS (1)' are matched.

13-04-2025T16:24:29 - [MESSAGE][PASSED] - Actual text and expected text of test object 'Object Repository/Page_OpenMRS Electronic Medical Record/h3_LATEST OBSERVATIONS (1)' are matched.

[...]

13-04-2025T16:42:02 - [MESSAGE][PASSED] - Actual text and expected text of test object 'Object Repository/Page_OpenMRS Electronic Medical Record/input_Save_cancel focused (1)' are matched.

13-04-2025T16:42:02 - [TEST_STEP][PASSED] - click(findTestObject("Object Repository/Page_OpenMRS Electronic Medical Record/button_Save (1)")): Object: 'Object Repository/Page_OpenMRS Electronic Medical Record/button_Save (1)' is clicked on

13-04-2025T16:42:02 - [MESSAGE][PASSED] - Object: 'Object Repository/Page_OpenMRS Electronic Medical Record/button_Save (1)' is clicked on

13-04-2025T16:42:02 - [TEST_STEP][PASSED] - setText(findTestObject("Object Repository/Page_OpenMRS Electronic Medical Record/input_Capture Vitals for Patient_patient-search (1) (1)"), "irman"): Text 'irman' is set on object 'Object Repository/Page_OpenMRS Electronic Medical Record/input_Capture Vitals for Patient_patient-search (1) (1)'

13-04-2025T16:42:05 - [MESSAGE][PASSED] - Text 'irman' is set on object 'Object Repository/Page_OpenMRS Electronic Medical Record/input_Capture Vitals for Patient_patient-search (1) (1)'

13-04-2025T16:42:05 - [TEST_STEP][PASSED] - waitForElementVisible(findTestObject("Object Repository/Page_OpenMRS Electronic Medical Record/td_irman ramadhan lDoikmTe (1) (1)"), 10): Object 'Object Repository/Page_OpenMRS Electronic Medical Record/td_irman ramadhan lDoikmTe (1) (1)' is visible

13-04-2025T16:42:05 - [MESSAGE][PASSED] - Object 'Object Repository/Page_OpenMRS Electronic Medical Record/td_irman ramadhan lDoikmTe (1) (1)' is visible

13-04-2025T16:42:05 - [TEST_STEP][PASSED] - click(findTestObject("Object Repository/Page_OpenMRS Electronic Medical Record/td_irman ramadhan lDoikmTe (1) (1)")): Object: 'Object Repository/Page_OpenMRS Electronic Medical Record/td_irman ramadhan lDoikmTe (1) (1)' is clicked on

13-04-2025T16:42:07 - [MESSAGE][PASSED] - Object: 'Object Repository/Page_OpenMRS Electronic Medical Record/td_irman ramadhan lDoikmTe (1) (1)' is clicked on

13-04-2025T16:42:07 - [TEST_STEP][PASSED] - verifyElementText(findTestObject("Object Repository/Page_OpenMRS Electronic Medical Record/td_Pharmacy (1)"), "Pharmacy"): Actual text and expected text of test object 'Object Repository/Page_OpenMRS Electronic Medical Record/td_Pharmacy (1)' are matched.

13-04-2025T16:42:08 - [MESSAGE][PASSED] - Actual text and expected text of test object 'Object Repository/Page_OpenMRS Electronic Medical Record/td_Pharmacy (1)' are matched.

13-04-2025T16:42:08 - [TEST_STEP][PASSED] - verifyElementText(findTestObject("Object Repository/Page_OpenMRS Electronic Medical Record/td_Super User (admin) (1)"), "Super User (admin)"): Actual text and expected text of test object 'Object Repository/Page_OpenMRS Electronic Medical Record/td_Super User (admin) (1)' are matched.

13-04-2025T16:42:09 - [MESSAGE][PASSED] - Actual text and expected text of test object 'Object Repository/Page_OpenMRS Electronic Medical Record/td_Super User (admin) (1)' are matched.

13-04-2025T16:42:09 - [TEST_STEP][PASSED] - click(findTestObject("Object Repository/Page_OpenMRS Electronic Medical Record/i_Registration Desk_icon-home small (1)")): Object: 'Object Repository/Page_OpenMRS Electronic Medical Record/i_Registration Desk_icon-home small (1)' is clicked on

13-04-2025T16:42:10 - [MESSAGE][PASSED] - Object: 'Object Repository/Page_OpenMRS Electronic Medical Record/i_Registration Desk_icon-home small (1)' is clicked on

13-04-2025T16:42:10 - [TEST_STEP][PASSED] - click(findTestObject("Object Repository/Page_Home/a_Find Patient Record (3) (1)")): Object: 'Object Repository/Page_Home/a_Find Patient Record (3) (1)' is clicked on

13-04-2025T16:42:12 - [MESSAGE][PASSED] - Object: 'Object Repository/Page_Home/a_Find Patient Record (3) (1)' is clicked on

13-04-2025T16:42:12 - [TEST_STEP][PASSED] - setText(findTestObject("Object Repository/Page_OpenMRS Electronic Medical Record/input_Capture Vitals for Patient_patient-search (1) (1)"), "irman"): Text 'irman' is set on object 'Object Repository/Page_OpenMRS Electronic Medical Record/input_Capture Vitals for Patient_patient-search (1) (1)'

13-04-2025T16:42:12 - [MESSAGE][PASSED] - Text 'irman' is set on object 'Object Repository/Page_OpenMRS Electronic Medical Record/input_Capture Vitals for Patient_patient-search (1) (1)'

13-04-2025T16:42:12 - [TEST_STEP][PASSED] - delay(5): Delayed 5 second(s)

13-04-2025T16:42:18 - [MESSAGE][PASSED] - Delayed 5 second(s)

13-04-2025T16:42:18 - [TEST_STEP][PASSED] - click(findTestObject("Object Repository/Page_OpenMRS Electronic Medical Record/td_irman ramadhan lDoikmTe (1) (1)")): Object: 'Object Repository/Page_OpenMRS Electronic Medical Record/td_irman ramadhan lDoikmTe (1) (1)' is clicked on

13-04-2025T16:42:24 - [MESSAGE][PASSED] - Object: 'Object Repository/Page_OpenMRS Electronic Medical Record/td_irman ramadhan lDoikmTe (1) (1)' is clicked on

13-04-2025T16:42:24 - [TEST_STEP][PASSED] - verifyElementText(findTestObject("Object Repository/Page_OpenMRS Electronic Medical Record/h3_LATEST OBSERVATIONS (2) (1)"), "LATEST OBSERVATIONS"): Actual text and expected text of test object 'Object Repository/Page_OpenMRS Electronic Medical Record/h3_LATEST OBSERVATIONS (2) (1)' are matched.

13-04-2025T16:42:28 - [MESSAGE][PASSED] - Actual text and expected text of test object 'Object Repository/Page_OpenMRS Electronic Medical Record/h3_LATEST OBSERVATIONS (2) (1)' are matched.]]></system-out>
         <system-err><![CDATA[]]></system-err>
      </testcase>
      <system-out><![CDATA[13-04-2025T16:37:42 - [TEST_SUITE][FAILED] - 5.TS_Capture_Vitals: Test Cases/5. Capture Vitals/1. Admin dapat search Capture Vitals Patient FAILED.
Reason:
com.kms.katalon.core.exception.StepFailedException: Verify element text of test object 'Object Repository/Page_OpenMRS Electronic Medical Record/td_irman ramadhan lDoikmTe' FAILED.
	at com.kms.katalon.core.webui.keyword.internal.WebUIKeywordMain.stepFailed(WebUIKeywordMain.groovy:117)
	at com.kms.katalon.core.webui.keyword.internal.WebUIKeywordMain.runKeyword(WebUIKeywordMain.groovy:43)
	at com.kms.katalon.core.webui.keyword.builtin.VerifyElementTextKeyword.verifyElementText(VerifyElementTextKeyword.groovy:72)
	at com.kms.katalon.core.webui.keyword.builtin.VerifyElementTextKeyword.execute(VerifyElementTextKeyword.groovy:40)
	at com.kms.katalon.core.keyword.internal.KeywordExecutor.executeKeywordForPlatform(KeywordExecutor.groovy:74)
	at com.kms.katalon.core.webui.keyword.WebUiBuiltInKeywords.verifyElementText(WebUiBuiltInKeywords.groovy:4994)
	at 1. Admin dapat search Capture Vitals Patient.run(1. Admin dapat search Capture Vitals Patient:32)
	at com.kms.katalon.core.main.ScriptEngine.run(ScriptEngine.java:194)
	at com.kms.katalon.core.main.ScriptEngine.runScriptAsRawText(ScriptEngine.java:119)
	at com.kms.katalon.core.main.TestCaseExecutor.runScript(TestCaseExecutor.java:448)
	at com.kms.katalon.core.main.TestCaseExecutor.doExecute(TestCaseExecutor.java:439)
	at com.kms.katalon.core.main.TestCaseExecutor.processExecutionPhase(TestCaseExecutor.java:418)
	at com.kms.katalon.core.main.TestCaseExecutor.accessMainPhase(TestCaseExecutor.java:410)
	at com.kms.katalon.core.main.TestCaseExecutor.execute(TestCaseExecutor.java:285)
	at com.kms.katalon.core.common.CommonExecutor.accessTestCaseMainPhase(CommonExecutor.java:71)
	at com.kms.katalon.core.main.TestSuiteExecutor.accessTestSuiteMainPhase(TestSuiteExecutor.java:160)
	at com.kms.katalon.core.main.TestSuiteExecutor.execute(TestSuiteExecutor.java:107)
	at com.kms.katalon.core.main.TestCaseMain.startTestSuite(TestCaseMain.java:180)
	at TempTestSuite1744535837669.run(TempTestSuite1744535837669.groovy:35)
	at java.base/jdk.internal.reflect.NativeMethodAccessorImpl.invoke0(Native Method)
	at java.base/jdk.internal.reflect.NativeMethodAccessorImpl.invoke(NativeMethodAccessorImpl.java:77)
	at java.base/jdk.internal.reflect.DelegatingMethodAccessorImpl.invoke(DelegatingMethodAccessorImpl.java:43)
Caused by: com.kms.katalon.core.exception.StepFailedException: Actual text 'irman ramadhan nhf4lZF9' and expected text 'irman ramadhan lDoikmTe' of test object 'Object Repository/Page_OpenMRS Electronic Medical Record/td_irman ramadhan lDoikmTe' are NOT matched.
	at com.kms.katalon.core.webui.keyword.internal.WebUIKeywordMain.stepFailed(WebUIKeywordMain.groovy:117)
	at com.kms.katalon.core.webui.keyword.builtin.VerifyElementTextKeyword$_verifyElementText_closure1.doCall(VerifyElementTextKeyword.groovy:57)
	at com.kms.katalon.core.webui.keyword.builtin.VerifyElementTextKeyword$_verifyElementText_closure1.call(VerifyElementTextKeyword.groovy)
	at com.kms.katalon.core.webui.keyword.internal.WebUIKeywordMain.runKeyword(WebUIKeywordMain.groovy:35)
	... 20 more]]></system-out>
      <system-err><![CDATA[13-04-2025T16:37:42 - [TEST_SUITE][FAILED] - 5.TS_Capture_Vitals: Test Cases/5. Capture Vitals/1. Admin dapat search Capture Vitals Patient FAILED.
Reason:
com.kms.katalon.core.exception.StepFailedException: Verify element text of test object 'Object Repository/Page_OpenMRS Electronic Medical Record/td_irman ramadhan lDoikmTe' FAILED.
	at com.kms.katalon.core.webui.keyword.internal.WebUIKeywordMain.stepFailed(WebUIKeywordMain.groovy:117)
	at com.kms.katalon.core.webui.keyword.internal.WebUIKeywordMain.runKeyword(WebUIKeywordMain.groovy:43)
	at com.kms.katalon.core.webui.keyword.builtin.VerifyElementTextKeyword.verifyElementText(VerifyElementTextKeyword.groovy:72)
	at com.kms.katalon.core.webui.keyword.builtin.VerifyElementTextKeyword.execute(VerifyElementTextKeyword.groovy:40)
	at com.kms.katalon.core.keyword.internal.KeywordExecutor.executeKeywordForPlatform(KeywordExecutor.groovy:74)
	at com.kms.katalon.core.webui.keyword.WebUiBuiltInKeywords.verifyElementText(WebUiBuiltInKeywords.groovy:4994)
	at 1. Admin dapat search Capture Vitals Patient.run(1. Admin dapat search Capture Vitals Patient:32)
	at com.kms.katalon.core.main.ScriptEngine.run(ScriptEngine.java:194)
	at com.kms.katalon.core.main.ScriptEngine.runScriptAsRawText(ScriptEngine.java:119)
	at com.kms.katalon.core.main.TestCaseExecutor.runScript(TestCaseExecutor.java:448)
	at com.kms.katalon.core.main.TestCaseExecutor.doExecute(TestCaseExecutor.java:439)
	at com.kms.katalon.core.main.TestCaseExecutor.processExecutionPhase(TestCaseExecutor.java:418)
	at com.kms.katalon.core.main.TestCaseExecutor.accessMainPhase(TestCaseExecutor.java:410)
	at com.kms.katalon.core.main.TestCaseExecutor.execute(TestCaseExecutor.java:285)
	at com.kms.katalon.core.common.CommonExecutor.accessTestCaseMainPhase(CommonExecutor.java:71)
	at com.kms.katalon.core.main.TestSuiteExecutor.accessTestSuiteMainPhase(TestSuiteExecutor.java:160)
	at com.kms.katalon.core.main.TestSuiteExecutor.execute(TestSuiteExecutor.java:107)
	at com.kms.katalon.core.main.TestCaseMain.startTestSuite(TestCaseMain.java:180)
	at TempTestSuite1744535837669.run(TempTestSuite1744535837669.groovy:35)
	at java.base/jdk.internal.reflect.NativeMethodAccessorImpl.invoke0(Native Method)
	at java.base/jdk.internal.reflect.NativeMethodAccessorImpl.invoke(NativeMethodAccessorImpl.java:77)
	at java.base/jdk.internal.reflect.DelegatingMethodAccessorImpl.invoke(DelegatingMethodAccessorImpl.java:43)
Caused by: com.kms.katalon.core.exception.StepFailedException: Actual text 'irman ramadhan nhf4lZF9' and expected text 'irman ramadhan lDoikmTe' of test object 'Object Repository/Page_OpenMRS Electronic Medical Record/td_irman ramadhan lDoikmTe' are NOT matched.
	at com.kms.katalon.core.webui.keyword.internal.WebUIKeywordMain.stepFailed(WebUIKeywordMain.groovy:117)
	at com.kms.katalon.core.webui.keyword.builtin.VerifyElementTextKeyword$_verifyElementText_closure1.doCall(VerifyElementTextKeyword.groovy:57)
	at com.kms.katalon.core.webui.keyword.builtin.VerifyElementTextKeyword$_verifyElementText_closure1.call(VerifyElementTextKeyword.groovy)
	at com.kms.katalon.core.webui.keyword.internal.WebUIKeywordMain.runKeyword(WebUIKeywordMain.groovy:35)
	... 20 more]]></system-err>
   </testsuite>
   <testsuite name="6.TS_Delete_Patient" tests="1" failures="0" errors="0" time="86.62" skipped="0" timestamp="13-04-2025T16:42:32" hostname="acer - 20.20.2.217" id="Test Suites/6.TS_Delete_Patient">
      <properties>
         <property name="deviceName" value=""/>
         <property name="devicePlatform"/>
         <property name="logFolder" value="C:\\Users\\acer\\OneDrive\\Documents\\Automation-openRMS\\Reports\\20250413_161708\\6.TS_Delete_Patient\\20250413_161719"/>
         <property name="logFiles" value="C:\\Users\\acer\\OneDrive\\Documents\\Automation-openRMS\\Reports\\20250413_161708\\6.TS_Delete_Patient\\20250413_161719\\execution0.log"/>
         <property name="attachments" value=""/>
         <property name="hostName" value="acer - 20.20.2.217"/>
         <property name="os" value="Windows 11 64bit"/>
         <property name="katalonVersion" value="10.1.1.0"/>
         <property name="browser" value="Chrome 135.0.7049.42"/>
         <property name="hostAddress" value="20.20.2.217"/>
         <property name="sessionId" value="f4e7ed6d1f4c8240e6027ab3f69ffddd"/>
         <property name="seleniumVersion" value="4.22.0"/>
         <property name="proxyInformation" value="ProxyInformation { proxyOption=NO_PROXY, proxyServerType=HTTP, username=, password=********, proxyServerAddress=, proxyServerPort=0, executionList=&quot;&quot;, isApplyToDesiredCapabilities=true }"/>
         <property name="platform" value="Windows 11"/>
      </properties>
      <testcase name="Test Cases/3. Find Patient Record/5. Delete Pasien" time="86.45" classname="Test Cases/3. Find Patient Record/5. Delete Pasien" status="PASSED">
         <system-out><![CDATA[13-04-2025T16:42:32 - [TEST_CASE][PASSED] - Test Cases/3. Find Patient Record/5. Delete Pasien: Test Cases/3. Find Patient Record/5. Delete Pasien

13-04-2025T16:42:32 - [TEST_STEP][PASSED] - Start listener action : sampleBeforeTestCase: Actual text and expected text of test object 'Object Repository/Dashboard/login_as' are matched.

13-04-2025T16:42:32 - [TEST_STEP][PASSED] - openBrowser(""): Browser is opened with url: ''

13-04-2025T16:42:32 - [MESSAGE][INFO] - Starting 'Chrome' driver

13-04-2025T16:42:32 - [MESSAGE][INFO] - Action delay is set to 0 milliseconds

13-04-2025T16:42:34 - [MESSAGE][PASSED] - Browser is opened with url: ''

13-04-2025T16:42:34 - [TEST_STEP][PASSED] - maximizeWindow(): Current window maximized

13-04-2025T16:42:34 - [MESSAGE][PASSED] - Current window maximized

13-04-2025T16:42:34 - [TEST_STEP][PASSED] - navigateToUrl(url): Navigate to 'https://o2.openmrs.org/openmrs/login.htm' successfully

13-04-2025T16:42:59 - [MESSAGE][PASSED] - Navigate to 'https://o2.openmrs.org/openmrs/login.htm' successfully

13-04-2025T16:42:59 - [TEST_STEP][PASSED] - setText(findTestObject("Object Repository/Page_Login/input_Username_username"), "admin"): Text 'admin' is set on object 'Object Repository/Page_Login/input_Username_username'

13-04-2025T16:43:00 - [MESSAGE][PASSED] - Text 'admin' is set on object 'Object Repository/Page_Login/input_Username_username'

13-04-2025T16:43:00 - [TEST_STEP][PASSED] - setEncryptedText(findTestObject("Object Repository/Page_Login/input_Password_password"), "/5S6MFFLcE4mlsixtc6/Tg=="): Text ****** has been set on object 'Object Repository/Page_Login/input_Password_password'

13-04-2025T16:43:00 - [MESSAGE][PASSED] - Text ****** has been set on object 'Object Repository/Page_Login/input_Password_password'

13-04-2025T16:43:00 - [TEST_STEP][PASSED] - click(findTestObject("Object Repository/Page_Login/li_Pharmacy")): Object: 'Object Repository/Page_Login/li_Pharmacy' is clicked on

13-04-2025T16:43:00 - [MESSAGE][PASSED] - Object: 'Object Repository/Page_Login/li_Pharmacy' is clicked on

13-04-2025T16:43:00 - [TEST_STEP][PASSED] - click(findTestObject("Object Repository/Page_Login/input_Registration Desk_loginButton")): Object: 'Object Repository/Page_Login/input_Registration Desk_loginButton' is clicked on

13-04-2025T16:43:03 - [MESSAGE][PASSED] - Object: 'Object Repository/Page_Login/input_Registration Desk_loginButton' is clicked on

13-04-2025T16:43:03 - [TEST_STEP][PASSED] - verifyElementText(findTestObject("Object Repository/Dashboard/login_as"), "Logged in as Super User (admin) at Pharmacy."): Actual text and expected text of test object 'Object Repository/Dashboard/login_as' are matched.

13-04-2025T16:43:03 - [MESSAGE][PASSED] - Actual text and expected text of test object 'Object Repository/Dashboard/login_as' are matched.

13-04-2025T16:43:03 - [TEST_STEP][PASSED] - click(findTestObject("Object Repository/Page_Home/a_Find Patient Record (4)")): Object: 'Object Repository/Page_Home/a_Find Patient Record (4)' is clicked on

13-04-2025T16:43:07 - [MESSAGE][PASSED] - Object: 'Object Repository/Page_Home/a_Find Patient Record (4)' is clicked on

13-04-2025T16:43:07 - [TEST_STEP][PASSED] - setText(findTestObject("Object Repository/Page_OpenMRS Electronic Medical Record/input_Find Patient Record_patient-search (3)"), "irman"): Text 'irman' is set on object 'Object Repository/Page_OpenMRS Electronic Medical Record/input_Find Patient Record_patient-search (3)'

13-04-2025T16:43:07 - [MESSAGE][PASSED] - Text 'irman' is set on object 'Object Repository/Page_OpenMRS Electronic Medical Record/input_Find Patient Record_patient-search (3)'

13-04-2025T16:43:07 - [TEST_STEP][PASSED] - delay(5): Delayed 5 second(s)

13-04-2025T16:43:12 - [MESSAGE][PASSED] - Delayed 5 second(s)

13-04-2025T16:43:12 - [TEST_STEP][PASSED] - click(findTestObject("Object Repository/Page_OpenMRS Electronic Medical Record/td_irman ramadhan 1dXe85JL")): Object: 'Object Repository/Page_OpenMRS Electronic Medical Record/td_irman ramadhan 1dXe85JL' is clicked on

13-04-2025T16:43:53 - [MESSAGE][PASSED] - Object: 'Object Repository/Page_OpenMRS Electronic Medical Record/td_irman ramadhan 1dXe85JL' is clicked on

13-04-2025T16:43:53 - [TEST_STEP][PASSED] - click(findTestObject("Object Repository/Page_OpenMRS Electronic Medical Record/div_Delete Patient (2)")): Object: 'Object Repository/Page_OpenMRS Electronic Medical Record/div_Delete Patient (2)' is clicked on

13-04-2025T16:43:56 - [MESSAGE][PASSED] - Object: 'Object Repository/Page_OpenMRS Electronic Medical Record/div_Delete Patient (2)' is clicked on

13-04-2025T16:43:56 - [TEST_STEP][PASSED] - setText(findTestObject("Object Repository/Page_OpenMRS Electronic Medical Record/input_Reason_delete-reason"), "automation test"): Text 'automation test' is set on object 'Object Repository/Page_OpenMRS Electronic Medical Record/input_Reason_delete-reason'

13-04-2025T16:43:57 - [MESSAGE][PASSED] - Text 'automation test' is set on object 'Object Repository/Page_OpenMRS Electronic Medical Record/input_Reason_delete-reason'

13-04-2025T16:43:57 - [TEST_STEP][PASSED] - click(findTestObject("Object Repository/Page_OpenMRS Electronic Medical Record/button_Confirm (2)")): Object: 'Object Repository/Page_OpenMRS Electronic Medical Record/button_Confirm (2)' is clicked on

13-04-2025T16:43:57 - [MESSAGE][PASSED] - Object: 'Object Repository/Page_OpenMRS Electronic Medical Record/button_Confirm (2)' is clicked on

13-04-2025T16:43:57 - [TEST_STEP][PASSED] - rightClick(findTestObject("Object Repository/Page_OpenMRS Electronic Medical Record/p_Patient has been deleted successfully")): Object: 'Object Repository/Page_OpenMRS Electronic Medical Record/p_Patient has been deleted successfully' is right clicked on

13-04-2025T16:43:58 - [MESSAGE][PASSED] - Object: 'Object Repository/Page_OpenMRS Electronic Medical Record/p_Patient has been deleted successfully' is right clicked on]]></system-out>
         <system-err><![CDATA[]]></system-err>
      </testcase>
      <system-out><![CDATA[13-04-2025T16:42:32 - [TEST_SUITE][PASSED] - 6.TS_Delete_Patient: Test Cases/3. Find Patient Record/5. Delete Pasien]]></system-out>
      <system-err><![CDATA[]]></system-err>
   </testsuite>
</testsuites>
