<?xml version="1.0" encoding="UTF-8"?>
<testsuites name="5.TS_Capture_Vitals" time="286.167" tests="2" failures="1" errors="0">
   <testsuite name="5.TS_Capture_Vitals" tests="2" failures="1" errors="0" time="286.167" skipped="0" timestamp="13-04-2025T16:37:42" hostname="acer - 20.20.2.217" id="Test Suites/5.TS_Capture_Vitals">
      <properties>
         <property name="deviceName" value=""/>
         <property name="devicePlatform"/>
         <property name="logFolder" value="C:\\Users\\acer\\OneDrive\\Documents\\Automation-openRMS\\Reports\\20250413_161708\\5.TS_Capture_Vitals\\20250413_161717"/>
         <property name="logFiles" value="C:\\Users\\acer\\OneDrive\\Documents\\Automation-openRMS\\Reports\\20250413_161708\\5.TS_Capture_Vitals\\20250413_161717\\execution0.log"/>
         <property name="attachments" value="C:\\Users\\acer\\OneDrive\\Documents\\Automation-openRMS\\Reports\\20250413_161708\\5.TS_Capture_Vitals\\20250413_161717\\1744537099136.png, C:\\Users\\acer\\OneDrive\\Documents\\Automation-openRMS\\Reports\\20250413_161708\\5.TS_Capture_Vitals\\20250413_161717\\1744537099343.png, C:\\Users\\acer\\OneDrive\\Documents\\Automation-openRMS\\Reports\\20250413_161708\\5.TS_Capture_Vitals\\20250413_161717\\1744537139998.png, C:\\Users\\acer\\OneDrive\\Documents\\Automation-openRMS\\Reports\\20250413_161708\\5.TS_Capture_Vitals\\20250413_161717\\1744537140127.png, C:\\Users\\acer\\OneDrive\\Documents\\Automation-openRMS\\Reports\\20250413_161708\\5.TS_Capture_Vitals\\20250413_161717\\1744537187158.png, C:\\Users\\acer\\OneDrive\\Documents\\Automation-openRMS\\Reports\\20250413_161708\\5.TS_Capture_Vitals\\20250413_161717\\1744537187272.png, C:\\Users\\acer\\OneDrive\\Documents\\Automation-openRMS\\Reports\\20250413_161708\\5.TS_Capture_Vitals\\20250413_161717\\1744537223071.png, C:\\Users\\acer\\OneDrive\\Documents\\Automation-openRMS\\Reports\\20250413_161708\\5.TS_Capture_Vitals\\20250413_161717\\1744537223197.png, C:\\Users\\acer\\OneDrive\\Documents\\Automation-openRMS\\Reports\\20250413_161708\\5.TS_Capture_Vitals\\20250413_161717\\1744537258214.png"/>
         <property name="hostName" value="acer - 20.20.2.217"/>
         <property name="os" value="Windows 11 64bit"/>
         <property name="katalonVersion" value="10.1.1.0"/>
         <property name="browser" value="Chrome 135.0.7049.42"/>
         <property name="hostAddress" value="20.20.2.217"/>
         <property name="sessionId" value="045ce4257aaf28b4c114a9c4c3fa661e"/>
         <property name="seleniumVersion" value="4.22.0"/>
         <property name="proxyInformation" value="ProxyInformation { proxyOption=NO_PROXY, proxyServerType=HTTP, username=, password=********, proxyServerAddress=, proxyServerPort=0, executionList=&quot;&quot;, isApplyToDesiredCapabilities=true }"/>
         <property name="platform" value="Windows 11"/>
      </properties>
      <testcase name="Test Cases/5. Capture Vitals/1. Admin dapat search Capture Vitals Patient" time="35.946" classname="Test Cases/5. Capture Vitals/1. Admin dapat search Capture Vitals Patient" status="FAILED">
         <failure type="FAILED" message="Test Cases/5. Capture Vitals/1. Admin dapat search Capture Vitals Patient FAILED.&#xa;Reason:&#xa;com.kms.katalon.core.exception.StepFailedException: Verify element text of test object 'Object Repository/Page_OpenMRS Electronic Medical Record/td_irman ramadhan lDoikmTe' FAILED.&#xa;	at com.kms.katalon.core.webui.keyword.internal.WebUIKeywordMain.stepFailed(WebUIKeywordMain.groovy:117)&#xa;	at com.kms.katalon.core.webui.keyword.internal.WebUIKeywordMain.runKeyword(WebUIKeywordMain.groovy:43)&#xa;	at com.kms.katalon.core.webui.keyword.builtin.VerifyElementTextKeyword.verifyElementText(VerifyElementTextKeyword.groovy:72)&#xa;	at com.kms.katalon.core.webui.keyword.builtin.VerifyElementTextKeyword.execute(VerifyElementTextKeyword.groovy:40)&#xa;	at com.kms.katalon.core.keyword.internal.KeywordExecutor.executeKeywordForPlatform(KeywordExecutor.groovy:74)&#xa;	at com.kms.katalon.core.webui.keyword.WebUiBuiltInKeywords.verifyElementText(WebUiBuiltInKeywords.groovy:4994)&#xa;	at 1. Admin dapat search Capture Vitals Patient.run(1. Admin dapat search Capture Vitals Patient:32)&#xa;	at com.kms.katalon.core.main.ScriptEngine.run(ScriptEngine.java:194)&#xa;	at com.kms.katalon.core.main.ScriptEngine.runScriptAsRawText(ScriptEngine.java:119)&#xa;	at com.kms.katalon.core.main.TestCaseExecutor.runScript(TestCaseExecutor.java:448)&#xa;	at com.kms.katalon.core.main.TestCaseExecutor.doExecute(TestCaseExecutor.java:439)&#xa;	at com.kms.katalon.core.main.TestCaseExecutor.processExecutionPhase(TestCaseExecutor.java:418)&#xa;	at com.kms.katalon.core.main.TestCaseExecutor.accessMainPhase(TestCaseExecutor.java:410)&#xa;	at com.kms.katalon.core.main.TestCaseExecutor.execute(TestCaseExecutor.java:285)&#xa;	at com.kms.katalon.core.main.TestCaseExecutor.execute(TestCaseExecutor.java:369)&#xa;	at com.kms.katalon.core.main.TestCaseExecutor.execute(TestCaseExecutor.java:369)&#xa;	at com.kms.katalon.core.main.TestCaseExecutor.execute(TestCaseExecutor.java:369)&#xa;	at com.kms.katalon.core.common.CommonExecutor.accessTestCaseMainPhase(CommonExecutor.java:71)&#xa;	at com.kms.katalon.core.main.TestSuiteExecutor.accessTestSuiteMainPhase(TestSuiteExecutor.java:160)&#xa;	at com.kms.katalon.core.main.TestSuiteExecutor.execute(TestSuiteExecutor.java:107)&#xa;	at com.kms.katalon.core.main.TestCaseMain.startTestSuite(TestCaseMain.java:180)&#xa;	at TempTestSuite1744535837669.run(TempTestSuite1744535837669.groovy:35)&#xa;	at java.base/jdk.internal.reflect.NativeMethodAccessorImpl.invoke0(Native Method)&#xa;	at java.base/jdk.internal.reflect.NativeMethodAccessorImpl.invoke(NativeMethodAccessorImpl.java:77)&#xa;	at java.base/jdk.internal.reflect.DelegatingMethodAccessorImpl.invoke(DelegatingMethodAccessorImpl.java:43)&#xa;Caused by: com.kms.katalon.core.exception.StepFailedException: Actual text 'irman ramadhan nhf4lZF9' and expected text 'irman ramadhan lDoikmTe' of test object 'Object Repository/Page_OpenMRS Electronic Medical Record/td_irman ramadhan lDoikmTe' are NOT matched.&#xa;	at com.kms.katalon.core.webui.keyword.internal.WebUIKeywordMain.stepFailed(WebUIKeywordMain.groovy:117)&#xa;	at com.kms.katalon.core.webui.keyword.builtin.VerifyElementTextKeyword$_verifyElementText_closure1.doCall(VerifyElementTextKeyword.groovy:57)&#xa;	at com.kms.katalon.core.webui.keyword.builtin.VerifyElementTextKeyword$_verifyElementText_closure1.call(VerifyElementTextKeyword.groovy)&#xa;	at com.kms.katalon.core.webui.keyword.internal.WebUIKeywordMain.runKeyword(WebUIKeywordMain.groovy:35)&#xa;	... 23 more&#xa;"/>
         <system-out><![CDATA[13-04-2025T16:39:47 - [TEST_CASE][FAILED] - Test Cases/5. Capture Vitals/1. Admin dapat search Capture Vitals Patient: Test Cases/5. Capture Vitals/1. Admin dapat search Capture Vitals Patient FAILED.
Reason:
com.kms.katalon.core.exception.StepFailedException: Verify element text of test object 'Object Repository/Page_OpenMRS Electronic Medical Record/td_irman ramadhan lDoikmTe' FAILED.
	at com.kms.katalon.core.webui.keyword.internal.WebUIKeywordMain.stepFailed(WebUIKeywordMain.groovy:117)
	at com.kms.katalon.core.webui.keyword.internal.WebUIKeywordMain.runKeyword(WebUIKeywordMain.groovy:43)
	at com.kms.katalon.core.webui.keyword.builtin.VerifyElementTextKeyword.verifyElementText(VerifyElementTextKeyword.groovy:72)
	at com.kms.katalon.core.webui.keyword.builtin.VerifyElementTextKeyword.execute(VerifyElementTextKeyword.groovy:40)
	at com.kms.katalon.core.keyword.internal.KeywordExecutor.executeKeywordForPlatform(KeywordExecutor.groovy:74)
	at com.kms.katalon.core.webui.keyword.WebUiBuiltInKeywords.verifyElementText(WebUiBuiltInKeywords.groovy:4994)
	at 1. Admin dapat search Capture Vitals Patient.run(1. Admin dapat search Capture Vitals Patient:32)
	at com.kms.katalon.core.main.ScriptEngine.run(ScriptEngine.java:194)
	at com.kms.katalon.core.main.ScriptEngine.runScriptAsRawText(ScriptEngine.java:119)
	at com.kms.katalon.core.main.TestCaseExecutor.runScript(TestCaseExecutor.java:448)
	at com.kms.katalon.core.main.TestCaseExecutor.doExecute(TestCaseExecutor.java:439)
	at com.kms.katalon.core.main.TestCaseExecutor.processExecutionPhase(TestCaseExecutor.java:418)
	at com.kms.katalon.core.main.TestCaseExecutor.accessMainPhase(TestCaseExecutor.java:410)
	at com.kms.katalon.core.main.TestCaseExecutor.execute(TestCaseExecutor.java:285)
	at com.kms.katalon.core.main.TestCaseExecutor.execute(TestCaseExecutor.java:369)
	at com.kms.katalon.core.main.TestCaseExecutor.execute(TestCaseExecutor.java:369)
	at com.kms.katalon.core.main.TestCaseExecutor.execute(TestCaseExecutor.java:369)
	at com.kms.katalon.core.common.CommonExecutor.accessTestCaseMainPhase(CommonExecutor.java:71)
	at com.kms.katalon.core.main.TestSuiteExecutor.accessTestSuiteMainPhase(TestSuiteExecutor.java:160)
	at com.kms.katalon.core.main.TestSuiteExecutor.execute(TestSuiteExecutor.java:107)
	at com.kms.katalon.core.main.TestCaseMain.startTestSuite(TestCaseMain.java:180)
	at TempTestSuite1744535837669.run(TempTestSuite1744535837669.groovy:35)
	at java.base/jdk.internal.reflect.NativeMethodAccessorImpl.invoke0(Native Method)
	at java.base/jdk.internal.reflect.NativeMethodAccessorImpl.invoke(NativeMethodAccessorImpl.java:77)
	at java.base/jdk.internal.reflect.DelegatingMethodAccessorImpl.invoke(DelegatingMethodAccessorImpl.java:43)
Caused by: com.kms.katalon.core.exception.StepFailedException: Actual text 'irman ramadhan nhf4lZF9' and expected text 'irman ramadhan lDoikmTe' of test object 'Object Repository/Page_OpenMRS Electronic Medical Record/td_irman ramadhan lDoikmTe' are NOT matched.
	at com.kms.katalon.core.webui.keyword.internal.WebUIKeywordMain.stepFailed(WebUIKeywordMain.groovy:117)
	at com.kms.katalon.core.webui.keyword.builtin.VerifyElementTextKeyword$_verifyElementText_closure1.doCall(VerifyElementTextKeyword.groovy:57)
	at com.kms.katalon.core.webui.keyword.builtin.VerifyElementTextKeyword$_verifyElementText_closure1.call(VerifyElementTextKeyword.groovy)
	at com.kms.katalon.core.webui.keyword.internal.WebUIKeywordMain.runKeyword(WebUIKeywordMain.groovy:35)
	... 23 more


13-04-2025T16:39:47 - [TEST_STEP][PASSED] - Start listener action : sampleBeforeTestCase: Actual text and expected text of test object 'Object Repository/Dashboard/login_as' are matched.

13-04-2025T16:39:47 - [TEST_STEP][PASSED] - openBrowser(""): Browser is opened with url: ''

13-04-2025T16:39:47 - [MESSAGE][WARNING] - A browser is already opened. Closing browser and opening a new one

13-04-2025T16:39:47 - [MESSAGE][INFO] - Starting 'Chrome' driver

13-04-2025T16:39:47 - [MESSAGE][INFO] - Action delay is set to 0 milliseconds

13-04-2025T16:39:48 - [MESSAGE][PASSED] - Browser is opened with url: ''

13-04-2025T16:39:48 - [TEST_STEP][PASSED] - maximizeWindow(): Current window maximized

13-04-2025T16:39:48 - [MESSAGE][PASSED] - Current window maximized

13-04-2025T16:39:48 - [TEST_STEP][PASSED] - navigateToUrl(url): Navigate to 'https://o2.openmrs.org/openmrs/login.htm' successfully

13-04-2025T16:40:13 - [MESSAGE][PASSED] - Navigate to 'https://o2.openmrs.org/openmrs/login.htm' successfully

13-04-2025T16:40:13 - [TEST_STEP][PASSED] - setText(findTestObject("Object Repository/Page_Login/input_Username_username"), "admin"): Text 'admin' is set on object 'Object Repository/Page_Login/input_Username_username'

13-04-2025T16:40:14 - [MESSAGE][PASSED] - Text 'admin' is set on object 'Object Repository/Page_Login/input_Username_username'

13-04-2025T16:40:14 - [TEST_STEP][PASSED] - setEncryptedText(findTestObject("Object Repository/Page_Login/input_Password_password"), "/5S6MFFLcE4mlsixtc6/Tg=="): Text ****** has been set on object 'Object Repository/Page_Login/input_Password_password'

13-04-2025T16:40:14 - [MESSAGE][PASSED] - Text ****** has been set on object 'Object Repository/Page_Login/input_Password_password'

13-04-2025T16:40:14 - [TEST_STEP][PASSED] - click(findTestObject("Object Repository/Page_Login/li_Pharmacy")): Object: 'Object Repository/Page_Login/li_Pharmacy' is clicked on

13-04-2025T16:40:14 - [MESSAGE][PASSED] - Object: 'Object Repository/Page_Login/li_Pharmacy' is clicked on

13-04-2025T16:40:14 - [TEST_STEP][PASSED] - click(findTestObject("Object Repository/Page_Login/input_Registration Desk_loginButton")): Object: 'Object Repository/Page_Login/input_Registration Desk_loginButton' is clicked on

13-04-2025T16:40:17 - [MESSAGE][PASSED] - Object: 'Object Repository/Page_Login/input_Registration Desk_loginButton' is clicked on

13-04-2025T16:40:17 - [TEST_STEP][PASSED] - verifyElementText(findTestObject("Object Repository/Dashboard/login_as"), "Logged in as Super User (admin) at Pharmacy."): Actual text and expected text of test object 'Object Repository/Dashboard/login_as' are matched.

13-04-2025T16:40:17 - [MESSAGE][PASSED] - Actual text and expected text of test object 'Object Repository/Dashboard/login_as' are matched.

13-04-2025T16:40:17 - [TEST_STEP][PASSED] - click(findTestObject("Object Repository/Page_Home/a_Capture Vitals")): Object: 'Object Repository/Page_Home/a_Capture Vitals' is clicked on

13-04-2025T16:40:20 - [MESSAGE][PASSED] - Object: 'Object Repository/Page_Home/a_Capture Vitals' is clicked on

13-04-2025T16:40:20 - [TEST_STEP][PASSED] - setText(findTestObject("Object Repository/Page_OpenMRS Electronic Medical Record/input_Capture Vitals for Patient_patient-search"), "irman"): Text 'irman' is set on object 'Object Repository/Page_OpenMRS Electronic Medical Record/input_Capture Vitals for Patient_patient-search'

13-04-2025T16:40:21 - [MESSAGE][PASSED] - Text 'irman' is set on object 'Object Repository/Page_OpenMRS Electronic Medical Record/input_Capture Vitals for Patient_patient-search'

13-04-2025T16:40:21 - [TEST_STEP][PASSED] - verifyElementText(findTestObject("Object Repository/Page_OpenMRS Electronic Medical Record/h2_Capture Vitals for Patient"), "Capture Vitals for Patient"): Actual text and expected text of test object 'Object Repository/Page_OpenMRS Electronic Medical Record/h2_Capture Vitals for Patient' are matched.

13-04-2025T16:40:21 - [MESSAGE][PASSED] - Actual text and expected text of test object 'Object Repository/Page_OpenMRS Electronic Medical Record/h2_Capture Vitals for Patient' are matched.

13-04-2025T16:40:21 - [TEST_STEP][PASSED] - verifyElementText(findTestObject("Object Repository/Page_OpenMRS Electronic Medical Record/div_Identifier (1)"), "Identifier"): Actual text and expected text of test object 'Object Repository/Page_OpenMRS Electronic Medical Record/div_Identifier (1)' are matched.

13-04-2025T16:40:22 - [MESSAGE][PASSED] - Actual text and expected text of test object 'Object Repository/Page_OpenMRS Electronic Medical Record/div_Identifier (1)' are matched.

13-04-2025T16:40:22 - [TEST_STEP][PASSED] - verifyElementText(findTestObject("Object Repository/Page_OpenMRS Electronic Medical Record/div_Name (2)"), "Name"): Actual text and expected text of test object 'Object Repository/Page_OpenMRS Electronic Medical Record/div_Name (2)' are matched.

13-04-2025T16:40:22 - [MESSAGE][PASSED] - Actual text and expected text of test object 'Object Repository/Page_OpenMRS Electronic Medical Record/div_Name (2)' are matched.

13-04-2025T16:40:22 - [TEST_STEP][FAILED] - verifyElementText(findTestObject("Object Repository/Page_OpenMRS Electronic Medical Record/td_irman ramadhan lDoikmTe"), "irman ramadhan lDoikmTe"): Verify element text of test object 'Object Repository/Page_OpenMRS Electronic Medical Record/td_irman ramadhan lDoikmTe' FAILED. (Root cause: com.kms.katalon.core.exception.StepFailedException: Verify element text of test object 'Object Repository/Page_OpenMRS Electronic Medical Record/td_irman ramadhan lDoikmTe' FAILED.
	at com.kms.katalon.core.webui.keyword.internal.WebUIKeywordMain.stepFailed(WebUIKeywordMain.groovy:117)
	at com.kms.katalon.core.webui.keyword.internal.WebUIKeywordMain.runKeyword(WebUIKeywordMain.groovy:43)
	at com.kms.katalon.core.webui.keyword.builtin.VerifyElementTextKeyword.verifyElementText(VerifyElementTextKeyword.groovy:72)
	at com.kms.katalon.core.webui.keyword.builtin.VerifyElementTextKeyword.execute(VerifyElementTextKeyword.groovy:40)
	at com.kms.katalon.core.keyword.internal.KeywordExecutor.executeKeywordForPlatform(KeywordExecutor.groovy:74)
	at com.kms.katalon.core.webui.keyword.WebUiBuiltInKeywords.verifyElementText(WebUiBuiltInKeywords.groovy:4994)
	at 1. Admin dapat search Capture Vitals Patient.run(1. Admin dapat search Capture Vitals Patient:32)
	at com.kms.katalon.core.main.ScriptEngine.run(ScriptEngine.java:194)
	at com.kms.katalon.core.main.ScriptEngine.runScriptAsRawText(ScriptEngine.java:119)
	at com.kms.katalon.core.main.TestCaseExecutor.runScript(TestCaseExecutor.java:448)
	at com.kms.katalon.core.main.TestCaseExecutor.doExecute(TestCaseExecutor.java:439)
	at com.kms.katalon.core.main.TestCaseExecutor.processExecutionPhase(TestCaseExecutor.java:418)
	at com.kms.katalon.core.main.TestCaseExecutor.accessMainPhase(TestCaseExecutor.java:410)
	at com.kms.katalon.core.main.TestCaseExecutor.execute(TestCaseExecutor.java:285)
	at com.kms.katalon.core.main.TestCaseExecutor.execute(TestCaseExecutor.java:369)
	at com.kms.katalon.core.main.TestCaseExecutor.execute(TestCaseExecutor.java:369)
	at com.kms.katalon.core.main.TestCaseExecutor.execute(TestCaseExecutor.java:369)
	at com.kms.katalon.core.common.CommonExecutor.accessTestCaseMainPhase(CommonExecutor.java:71)
	at com.kms.katalon.core.main.TestSuiteExecutor.accessTestSuiteMainPhase(TestSuiteExecutor.java:160)
	at com.kms.katalon.core.main.TestSuiteExecutor.execute(TestSuiteExecutor.java:107)
	at com.kms.katalon.core.main.TestCaseMain.startTestSuite(TestCaseMain.java:180)
	at TempTestSuite1744535837669.run(TempTestSuite1744535837669.groovy:35)
	at java.base/jdk.internal.reflect.NativeMethodAccessorImpl.invoke0(Native Method)
	at java.base/jdk.internal.reflect.NativeMethodAccessorImpl.invoke(NativeMethodAccessorImpl.java:77)
	at java.base/jdk.internal.reflect.DelegatingMethodAccessorImpl.invoke(DelegatingMethodAccessorImpl.java:43)
Caused by: com.kms.katalon.core.exception.StepFailedException: Actual text 'irman ramadhan nhf4lZF9' and expected text 'irman ramadhan lDoikmTe' of test object 'Object Repository/Page_OpenMRS Electronic Medical Record/td_irman ramadhan lDoikmTe' are NOT matched.
	at com.kms.katalon.core.webui.keyword.internal.WebUIKeywordMain.stepFailed(WebUIKeywordMain.groovy:117)
	at com.kms.katalon.core.webui.keyword.builtin.VerifyElementTextKeyword$_verifyElementText_closure1.doCall(VerifyElementTextKeyword.groovy:57)
	at com.kms.katalon.core.webui.keyword.builtin.VerifyElementTextKeyword$_verifyElementText_closure1.call(VerifyElementTextKeyword.groovy)
	at com.kms.katalon.core.webui.keyword.internal.WebUIKeywordMain.runKeyword(WebUIKeywordMain.groovy:35)
	... 23 more
)

13-04-2025T16:40:23 - [MESSAGE][FAILED] - Actual text 'irman ramadhan nhf4lZF9' and expected text 'irman ramadhan lDoikmTe' of test object 'Object Repository/Page_OpenMRS Electronic Medical Record/td_irman ramadhan lDoikmTe' are NOT matched. (Root cause: com.kms.katalon.core.exception.StepFailedException: Actual text 'irman ramadhan nhf4lZF9' and expected text 'irman ramadhan lDoikmTe' of test object 'Object Repository/Page_OpenMRS Electronic Medical Record/td_irman ramadhan lDoikmTe' are NOT matched.
	at com.kms.katalon.core.webui.keyword.internal.WebUIKeywordMain.stepFailed(WebUIKeywordMain.groovy:117)
	at com.kms.katalon.core.webui.keyword.builtin.VerifyElementTextKeyword$_verifyElementText_closure1.doCall(VerifyElementTextKeyword.groovy:57)
	at com.kms.katalon.core.webui.keyword.builtin.VerifyElementTextKeyword$_verifyElementText_closure1.call(VerifyElementTextKeyword.groovy)
	at com.kms.katalon.core.webui.keyword.internal.WebUIKeywordMain.runKeyword(WebUIKeywordMain.groovy:35)
	at com.kms.katalon.core.webui.keyword.builtin.VerifyElementTextKeyword.verifyElementText(VerifyElementTextKeyword.groovy:72)
	at com.kms.katalon.core.webui.keyword.builtin.VerifyElementTextKeyword.execute(VerifyElementTextKeyword.groovy:40)
	at com.kms.katalon.core.keyword.internal.KeywordExecutor.executeKeywordForPlatform(KeywordExecutor.groovy:74)
	at com.kms.katalon.core.webui.keyword.WebUiBuiltInKeywords.verifyElementText(WebUiBuiltInKeywords.groovy:4994)
	at 1. Admin dapat search Capture Vitals Patient.run(1. Admin dapat search Capture Vitals Patient:32)
	at com.kms.katalon.core.main.ScriptEngine.run(ScriptEngine.java:194)
	at com.kms.katalon.core.main.ScriptEngine.runScriptAsRawText(ScriptEngine.java:119)
	at com.kms.katalon.core.main.TestCaseExecutor.runScript(TestCaseExecutor.java:448)
	at com.kms.katalon.core.main.TestCaseExecutor.doExecute(TestCaseExecutor.java:439)
	at com.kms.katalon.core.main.TestCaseExecutor.processExecutionPhase(TestCaseExecutor.java:418)
	at com.kms.katalon.core.main.TestCaseExecutor.accessMainPhase(TestCaseExecutor.java:410)
	at com.kms.katalon.core.main.TestCaseExecutor.execute(TestCaseExecutor.java:285)
	at com.kms.katalon.core.main.TestCaseExecutor.execute(TestCaseExecutor.java:369)
	at com.kms.katalon.core.main.TestCaseExecutor.execute(TestCaseExecutor.java:369)
	at com.kms.katalon.core.main.TestCaseExecutor.execute(TestCaseExecutor.java:369)
	at com.kms.katalon.core.common.CommonExecutor.accessTestCaseMainPhase(CommonExecutor.java:71)
	at com.kms.katalon.core.main.TestSuiteExecutor.accessTestSuiteMainPhase(TestSuiteExecutor.java:160)
	at com.kms.katalon.core.main.TestSuiteExecutor.execute(TestSuiteExecutor.java:107)
	at com.kms.katalon.core.main.TestCaseMain.startTestSuite(TestCaseMain.java:180)
	at TempTestSuite1744535837669.run(TempTestSuite1744535837669.groovy:35)
	at java.base/jdk.internal.reflect.NativeMethodAccessorImpl.invoke0(Native Method)
	at java.base/jdk.internal.reflect.NativeMethodAccessorImpl.invoke(NativeMethodAccessorImpl.java:77)
	at java.base/jdk.internal.reflect.DelegatingMethodAccessorImpl.invoke(DelegatingMethodAccessorImpl.java:43)
)
[[ATTACHMENT|C:\\Users\\acer\\OneDrive\\Documents\\Automation-openRMS\\Reports\\20250413_161708\\5.TS_Capture_Vitals\\20250413_161717\\1744537223071.png]]

13-04-2025T16:40:23 - [MESSAGE][FAILED] - Verify element text of test object 'Object Repository/Page_OpenMRS Electronic Medical Record/td_irman ramadhan lDoikmTe' FAILED. (Root cause: com.kms.katalon.core.exception.StepFailedException: Verify element text of test object 'Object Repository/Page_OpenMRS Electronic Medical Record/td_irman ramadhan lDoikmTe' FAILED.
	at com.kms.katalon.core.webui.keyword.internal.WebUIKeywordMain.stepFailed(WebUIKeywordMain.groovy:117)
	at com.kms.katalon.core.webui.keyword.internal.WebUIKeywordMain.runKeyword(WebUIKeywordMain.groovy:43)
	at com.kms.katalon.core.webui.keyword.builtin.VerifyElementTextKeyword.verifyElementText(VerifyElementTextKeyword.groovy:72)
	at com.kms.katalon.core.webui.keyword.builtin.VerifyElementTextKeyword.execute(VerifyElementTextKeyword.groovy:40)
	at com.kms.katalon.core.keyword.internal.KeywordExecutor.executeKeywordForPlatform(KeywordExecutor.groovy:74)
	at com.kms.katalon.core.webui.keyword.WebUiBuiltInKeywords.verifyElementText(WebUiBuiltInKeywords.groovy:4994)
	at 1. Admin dapat search Capture Vitals Patient.run(1. Admin dapat search Capture Vitals Patient:32)
	at com.kms.katalon.core.main.ScriptEngine.run(ScriptEngine.java:194)
	at com.kms.katalon.core.main.ScriptEngine.runScriptAsRawText(ScriptEngine.java:119)
	at com.kms.katalon.core.main.TestCaseExecutor.runScript(TestCaseExecutor.java:448)
	at com.kms.katalon.core.main.TestCaseExecutor.doExecute(TestCaseExecutor.java:439)
	at com.kms.katalon.core.main.TestCaseExecutor.processExecutionPhase(TestCaseExecutor.java:418)
	at com.kms.katalon.core.main.TestCaseExecutor.accessMainPhase(TestCaseExecutor.java:410)
	at com.kms.katalon.core.main.TestCaseExecutor.execute(TestCaseExecutor.java:285)
	at com.kms.katalon.core.main.TestCaseExecutor.execute(TestCaseExecutor.java:369)
	at com.kms.katalon.core.main.TestCaseExecutor.execute(TestCaseExecutor.java:369)
	at com.kms.katalon.core.main.TestCaseExecutor.execute(TestCaseExecutor.java:369)
	at com.kms.katalon.core.common.CommonExecutor.accessTestCaseMainPhase(CommonExecutor.java:71)
	at com.kms.katalon.core.main.TestSuiteExecutor.accessTestSuiteMainPhase(TestSuiteExecutor.java:160)
	at com.kms.katalon.core.main.TestSuiteExecutor.execute(TestSuiteExecutor.java:107)
	at com.kms.katalon.core.main.TestCaseMain.startTestSuite(TestCaseMain.java:180)
	at TempTestSuite1744535837669.run(TempTestSuite1744535837669.groovy:35)
	at java.base/jdk.internal.reflect.NativeMethodAccessorImpl.invoke0(Native Method)
	at java.base/jdk.internal.reflect.NativeMethodAccessorImpl.invoke(NativeMethodAccessorImpl.java:77)
	at java.base/jdk.internal.reflect.DelegatingMethodAccessorImpl.invoke(DelegatingMethodAccessorImpl.java:43)
Caused by: com.kms.katalon.core.exception.StepFailedException: Actual text 'irman ramadhan nhf4lZF9' and expected text 'irman ramadhan lDoikmTe' of test object 'Object Repository/Page_OpenMRS Electronic Medical Record/td_irman ramadhan lDoikmTe' are NOT matched.
	at com.kms.katalon.core.webui.keyword.internal.WebUIKeywordMain.stepFailed(WebUIKeywordMain.groovy:117)
	at com.kms.katalon.core.webui.keyword.builtin.VerifyElementTextKeyword$_verifyElementText_closure1.doCall(VerifyElementTextKeyword.groovy:57)
	at com.kms.katalon.core.webui.keyword.builtin.VerifyElementTextKeyword$_verifyElementText_closure1.call(VerifyElementTextKeyword.groovy)
	at com.kms.katalon.core.webui.keyword.internal.WebUIKeywordMain.runKeyword(WebUIKeywordMain.groovy:35)
	... 23 more
)
[[ATTACHMENT|C:\\Users\\acer\\OneDrive\\Documents\\Automation-openRMS\\Reports\\20250413_161708\\5.TS_Capture_Vitals\\20250413_161717\\1744537223197.png]]]]></system-out>
         <system-err><![CDATA[13-04-2025T16:39:47 - [TEST_CASE][FAILED] - Test Cases/5. Capture Vitals/1. Admin dapat search Capture Vitals Patient: Test Cases/5. Capture Vitals/1. Admin dapat search Capture Vitals Patient FAILED.
Reason:
com.kms.katalon.core.exception.StepFailedException: Verify element text of test object 'Object Repository/Page_OpenMRS Electronic Medical Record/td_irman ramadhan lDoikmTe' FAILED.
	at com.kms.katalon.core.webui.keyword.internal.WebUIKeywordMain.stepFailed(WebUIKeywordMain.groovy:117)
	at com.kms.katalon.core.webui.keyword.internal.WebUIKeywordMain.runKeyword(WebUIKeywordMain.groovy:43)
	at com.kms.katalon.core.webui.keyword.builtin.VerifyElementTextKeyword.verifyElementText(VerifyElementTextKeyword.groovy:72)
	at com.kms.katalon.core.webui.keyword.builtin.VerifyElementTextKeyword.execute(VerifyElementTextKeyword.groovy:40)
	at com.kms.katalon.core.keyword.internal.KeywordExecutor.executeKeywordForPlatform(KeywordExecutor.groovy:74)
	at com.kms.katalon.core.webui.keyword.WebUiBuiltInKeywords.verifyElementText(WebUiBuiltInKeywords.groovy:4994)
	at 1. Admin dapat search Capture Vitals Patient.run(1. Admin dapat search Capture Vitals Patient:32)
	at com.kms.katalon.core.main.ScriptEngine.run(ScriptEngine.java:194)
	at com.kms.katalon.core.main.ScriptEngine.runScriptAsRawText(ScriptEngine.java:119)
	at com.kms.katalon.core.main.TestCaseExecutor.runScript(TestCaseExecutor.java:448)
	at com.kms.katalon.core.main.TestCaseExecutor.doExecute(TestCaseExecutor.java:439)
	at com.kms.katalon.core.main.TestCaseExecutor.processExecutionPhase(TestCaseExecutor.java:418)
	at com.kms.katalon.core.main.TestCaseExecutor.accessMainPhase(TestCaseExecutor.java:410)
	at com.kms.katalon.core.main.TestCaseExecutor.execute(TestCaseExecutor.java:285)
	at com.kms.katalon.core.main.TestCaseExecutor.execute(TestCaseExecutor.java:369)
	at com.kms.katalon.core.main.TestCaseExecutor.execute(TestCaseExecutor.java:369)
	at com.kms.katalon.core.main.TestCaseExecutor.execute(TestCaseExecutor.java:369)
	at com.kms.katalon.core.common.CommonExecutor.accessTestCaseMainPhase(CommonExecutor.java:71)
	at com.kms.katalon.core.main.TestSuiteExecutor.accessTestSuiteMainPhase(TestSuiteExecutor.java:160)
	at com.kms.katalon.core.main.TestSuiteExecutor.execute(TestSuiteExecutor.java:107)
	at com.kms.katalon.core.main.TestCaseMain.startTestSuite(TestCaseMain.java:180)
	at TempTestSuite1744535837669.run(TempTestSuite1744535837669.groovy:35)
	at java.base/jdk.internal.reflect.NativeMethodAccessorImpl.invoke0(Native Method)
	at java.base/jdk.internal.reflect.NativeMethodAccessorImpl.invoke(NativeMethodAccessorImpl.java:77)
	at java.base/jdk.internal.reflect.DelegatingMethodAccessorImpl.invoke(DelegatingMethodAccessorImpl.java:43)
Caused by: com.kms.katalon.core.exception.StepFailedException: Actual text 'irman ramadhan nhf4lZF9' and expected text 'irman ramadhan lDoikmTe' of test object 'Object Repository/Page_OpenMRS Electronic Medical Record/td_irman ramadhan lDoikmTe' are NOT matched.
	at com.kms.katalon.core.webui.keyword.internal.WebUIKeywordMain.stepFailed(WebUIKeywordMain.groovy:117)
	at com.kms.katalon.core.webui.keyword.builtin.VerifyElementTextKeyword$_verifyElementText_closure1.doCall(VerifyElementTextKeyword.groovy:57)
	at com.kms.katalon.core.webui.keyword.builtin.VerifyElementTextKeyword$_verifyElementText_closure1.call(VerifyElementTextKeyword.groovy)
	at com.kms.katalon.core.webui.keyword.internal.WebUIKeywordMain.runKeyword(WebUIKeywordMain.groovy:35)
	... 23 more]]></system-err>
      </testcase>
      <testcase name="Test Cases/5. Capture Vitals/2. Admin dapat Record Vitals Patient" time="89.949" classname="Test Cases/5. Capture Vitals/2. Admin dapat Record Vitals Patient" status="PASSED">
         <system-out><![CDATA[13-04-2025T16:40:58 - [TEST_CASE][PASSED] - Test Cases/5. Capture Vitals/2. Admin dapat Record Vitals Patient: Test Cases/5. Capture Vitals/2. Admin dapat Record Vitals Patient

13-04-2025T16:40:58 - [TEST_STEP][PASSED] - Start listener action : sampleBeforeTestCase: Actual text and expected text of test object 'Object Repository/Dashboard/login_as' are matched.

13-04-2025T16:40:58 - [TEST_STEP][PASSED] - openBrowser(""): Browser is opened with url: ''

13-04-2025T16:40:58 - [MESSAGE][WARNING] - A browser is already opened. Closing browser and opening a new one

13-04-2025T16:40:58 - [MESSAGE][INFO] - Starting 'Chrome' driver

13-04-2025T16:40:58 - [MESSAGE][INFO] - Action delay is set to 0 milliseconds

13-04-2025T16:40:59 - [MESSAGE][PASSED] - Browser is opened with url: ''

13-04-2025T16:40:59 - [TEST_STEP][PASSED] - maximizeWindow(): Current window maximized

13-04-2025T16:40:59 - [MESSAGE][PASSED] - Current window maximized

13-04-2025T16:40:59 - [TEST_STEP][PASSED] - navigateToUrl(url): Navigate to 'https://o2.openmrs.org/openmrs/login.htm' successfully

13-04-2025T16:41:34 - [MESSAGE][PASSED] - Navigate to 'https://o2.openmrs.org/openmrs/login.htm' successfully

13-04-2025T16:41:34 - [TEST_STEP][PASSED] - setText(findTestObject("Object Repository/Page_Login/input_Username_username"), "admin"): Text 'admin' is set on object 'Object Repository/Page_Login/input_Username_username'

13-04-2025T16:41:35 - [MESSAGE][PASSED] - Text 'admin' is set on object 'Object Repository/Page_Login/input_Username_username'

13-04-2025T16:41:35 - [TEST_STEP][PASSED] - setEncryptedText(findTestObject("Object Repository/Page_Login/input_Password_password"), "/5S6MFFLcE4mlsixtc6/Tg=="): Text ****** has been set on object 'Object Repository/Page_Login/input_Password_password'

13-04-2025T16:41:35 - [MESSAGE][PASSED] - Text ****** has been set on object 'Object Repository/Page_Login/input_Password_password'

13-04-2025T16:41:35 - [TEST_STEP][PASSED] - click(findTestObject("Object Repository/Page_Login/li_Pharmacy")): Object: 'Object Repository/Page_Login/li_Pharmacy' is clicked on

13-04-2025T16:41:36 - [MESSAGE][PASSED] - Object: 'Object Repository/Page_Login/li_Pharmacy' is clicked on

13-04-2025T16:41:36 - [TEST_STEP][PASSED] - click(findTestObject("Object Repository/Page_Login/input_Registration Desk_loginButton")): Object: 'Object Repository/Page_Login/input_Registration Desk_loginButton' is clicked on

13-04-2025T16:41:39 - [MESSAGE][PASSED] - Object: 'Object Repository/Page_Login/input_Registration Desk_loginButton' is clicked on

13-04-2025T16:41:39 - [TEST_STEP][PASSED] - verifyElementText(findTestObject("Object Repository/Dashboard/login_as"), "Logged in as Super User (admin) at Pharmacy."): Actual text and expected text of test object 'Object Repository/Dashboard/login_as' are matched.

13-04-2025T16:41:39 - [MESSAGE][PASSED] - Actual text and expected text of test object 'Object Repository/Dashboard/login_as' are matched.

13-04-2025T16:41:39 - [TEST_STEP][PASSED] - click(findTestObject("Object Repository/Page_Home/a_Capture Vitals (1) (1)")): Object: 'Object Repository/Page_Home/a_Capture Vitals (1) (1)' is clicked on

13-04-2025T16:41:43 - [MESSAGE][PASSED] - Object: 'Object Repository/Page_Home/a_Capture Vitals (1) (1)' is clicked on

13-04-2025T16:41:43 - [TEST_STEP][PASSED] - setText(findTestObject("Object Repository/Page_OpenMRS Electronic Medical Record/input_Capture Vitals for Patient_patient-search (1) (1)"), "irman"): Text 'irman' is set on object 'Object Repository/Page_OpenMRS Electronic Medical Record/input_Capture Vitals for Patient_patient-search (1) (1)'

13-04-2025T16:41:44 - [MESSAGE][PASSED] - Text 'irman' is set on object 'Object Repository/Page_OpenMRS Electronic Medical Record/input_Capture Vitals for Patient_patient-search (1) (1)'

13-04-2025T16:41:44 - [TEST_STEP][PASSED] - waitForElementVisible(findTestObject("Object Repository/Page_OpenMRS Electronic Medical Record/td_irman ramadhan lDoikmTe (1) (1)"), 10): Object 'Object Repository/Page_OpenMRS Electronic Medical Record/td_irman ramadhan lDoikmTe (1) (1)' is visible

13-04-2025T16:41:44 - [MESSAGE][PASSED] - Object 'Object Repository/Page_OpenMRS Electronic Medical Record/td_irman ramadhan lDoikmTe (1) (1)' is visible

13-04-2025T16:41:44 - [TEST_STEP][PASSED] - click(findTestObject("Object Repository/Page_OpenMRS Electronic Medical Record/td_irman ramadhan lDoikmTe (1) (1)")): Object: 'Object Repository/Page_OpenMRS Electronic Medical Record/td_irman ramadhan lDoikmTe (1) (1)' is clicked on

13-04-2025T16:41:48 - [MESSAGE][PASSED] - Object: 'Object Repository/Page_OpenMRS Electronic Medical Record/td_irman ramadhan lDoikmTe (1) (1)' is clicked on

13-04-2025T16:41:48 - [TEST_STEP][PASSED] - click(findTestObject("Object Repository/Page_OpenMRS Electronic Medical Record/i_Yes, Record Vitals_icon-arrow-right (1)")): Object: 'Object Repository/Page_OpenMRS Electronic Medical Record/i_Yes, Record Vitals_icon-arrow-right (1)' is clicked on

13-04-2025T16:41:52 - [MESSAGE][PASSED] - Object: 'Object Repository/Page_OpenMRS Electronic Medical Record/i_Yes, Record Vitals_icon-arrow-right (1)' is clicked on

13-04-2025T16:41:52 - [TEST_STEP][PASSED] - setText(findTestObject("Object Repository/Page_OpenMRS Electronic Medical Record/input_Height (cm)_w8 (1)"), "165"): Text '165' is set on object 'Object Repository/Page_OpenMRS Electronic Medical Record/input_Height (cm)_w8 (1)'

13-04-2025T16:41:53 - [MESSAGE][PASSED] - Text '165' is set on object 'Object Repository/Page_OpenMRS Electronic Medical Record/input_Height (cm)_w8 (1)'

13-04-2025T16:41:53 - [TEST_STEP][PASSED] - click(findTestObject("Object Repository/Page_OpenMRS Electronic Medical Record/button_Please enter at least one observatio_633184 (1)")): Object: 'Object Repository/Page_OpenMRS Electronic Medical Record/button_Please enter at least one observatio_633184 (1)' is clicked on

13-04-2025T16:41:53 - [MESSAGE][PASSED] - Object: 'Object Repository/Page_OpenMRS Electronic Medical Record/button_Please enter at least one observatio_633184 (1)' is clicked on

13-04-2025T16:41:53 - [TEST_STEP][PASSED] - setText(findTestObject("Object Repository/Page_OpenMRS Electronic Medical Record/input_Weight (kg)_w10 (1)"), "70"): Text '70' is set on object 'Object Repository/Page_OpenMRS Electronic Medical Record/input_Weight (kg)_w10 (1)'

13-04-2025T16:41:53 - [MESSAGE][PASSED] - Text '70' is set on object 'Object Repository/Page_OpenMRS Electronic Medical Record/input_Weight (kg)_w10 (1)'

13-04-2025T16:41:53 - [TEST_STEP][PASSED] - click(findTestObject("Object Repository/Page_OpenMRS Electronic Medical Record/button_Please enter at least one observatio_633184 (1)")): Object: 'Object Repository/Page_OpenMRS Electronic Medical Record/button_Please enter at least one observatio_633184 (1)' is clicked on

13-04-2025T16:41:54 - [MESSAGE][PASSED] - Object: 'Object Repository/Page_OpenMRS Electronic Medical Record/button_Please enter at least one observatio_633184 (1)' is clicked on

13-04-2025T16:41:54 - [TEST_STEP][PASSED] - click(findTestObject("Object Repository/Page_OpenMRS Electronic Medical Record/button_Please enter at least one observatio_633184 (1)")): Object: 'Object Repository/Page_OpenMRS Electronic Medical Record/button_Please enter at least one observatio_633184 (1)' is clicked on

13-04-2025T16:41:54 - [MESSAGE][PASSED] - Object: 'Object Repository/Page_OpenMRS Electronic Medical Record/button_Please enter at least one observatio_633184 (1)' is clicked on

13-04-2025T16:41:54 - [TEST_STEP][PASSED] - setText(findTestObject("Object Repository/Page_OpenMRS Electronic Medical Record/input_Temperature (c)_w12 (1)"), "27"): Text '27' is set on object 'Object Repository/Page_OpenMRS Electronic Medical Record/input_Temperature (c)_w12 (1)'

13-04-2025T16:41:55 - [MESSAGE][PASSED] - Text '27' is set on object 'Object Repository/Page_OpenMRS Electronic Medical Record/input_Temperature (c)_w12 (1)'

13-04-2025T16:41:55 - [TEST_STEP][PASSED] - click(findTestObject("Object Repository/Page_OpenMRS Electronic Medical Record/button_Please enter at least one observatio_633184 (1)")): Object: 'Object Repository/Page_OpenMRS Electronic Medical Record/button_Please enter at least one observatio_633184 (1)' is clicked on

13-04-2025T16:41:55 - [MESSAGE][PASSED] - Object: 'Object Repository/Page_OpenMRS Electronic Medical Record/button_Please enter at least one observatio_633184 (1)' is clicked on

13-04-2025T16:41:55 - [TEST_STEP][PASSED] - setText(findTestObject("Object Repository/Page_OpenMRS Electronic Medical Record/input_Pulse_w14 (1)"), "100"): Text '100' is set on object 'Object Repository/Page_OpenMRS Electronic Medical Record/input_Pulse_w14 (1)'

13-04-2025T16:41:56 - [MESSAGE][PASSED] - Text '100' is set on object 'Object Repository/Page_OpenMRS Electronic Medical Record/input_Pulse_w14 (1)'

13-04-2025T16:41:56 - [TEST_STEP][PASSED] - click(findTestObject("Object Repository/Page_OpenMRS Electronic Medical Record/button_Please enter at least one observatio_633184 (1)")): Object: 'Object Repository/Page_OpenMRS Electronic Medical Record/button_Please enter at least one observatio_633184 (1)' is clicked on

13-04-2025T16:41:56 - [MESSAGE][PASSED] - Object: 'Object Repository/Page_OpenMRS Electronic Medical Record/button_Please enter at least one observatio_633184 (1)' is clicked on

13-04-2025T16:41:56 - [TEST_STEP][PASSED] - setText(findTestObject("Object Repository/Page_OpenMRS Electronic Medical Record/input_Respiratory rate_w16 (1)"), "99"): Text '99' is set on object 'Object Repository/Page_OpenMRS Electronic Medical Record/input_Respiratory rate_w16 (1)'

13-04-2025T16:41:56 - [MESSAGE][PASSED] - Text '99' is set on object 'Object Repository/Page_OpenMRS Electronic Medical Record/input_Respiratory rate_w16 (1)'

13-04-2025T16:41:56 - [TEST_STEP][PASSED] - click(findTestObject("Object Repository/Page_OpenMRS Electronic Medical Record/button_Please enter at least one observatio_633184 (1)")): Object: 'Object Repository/Page_OpenMRS Electronic Medical Record/button_Please enter at least one observatio_633184 (1)' is clicked on

13-04-2025T16:41:57 - [MESSAGE][PASSED] - Object: 'Object Repository/Page_OpenMRS Electronic Medical Record/button_Please enter at least one observatio_633184 (1)' is clicked on

13-04-2025T16:41:57 - [TEST_STEP][PASSED] - setText(findTestObject("Object Repository/Page_OpenMRS Electronic Medical Record/input_Blood Pressure_w18 (1)"), "100"): Text '100' is set on object 'Object Repository/Page_OpenMRS Electronic Medical Record/input_Blood Pressure_w18 (1)'

13-04-2025T16:41:57 - [MESSAGE][PASSED] - Text '100' is set on object 'Object Repository/Page_OpenMRS Electronic Medical Record/input_Blood Pressure_w18 (1)'

13-04-2025T16:41:57 - [TEST_STEP][PASSED] - setText(findTestObject("Object Repository/Page_OpenMRS Electronic Medical Record/input_Blood Pressure_w20 (1)"), "70"): Text '70' is set on object 'Object Repository/Page_OpenMRS Electronic Medical Record/input_Blood Pressure_w20 (1)'

13-04-2025T16:41:58 - [MESSAGE][PASSED] - Text '70' is set on object 'Object Repository/Page_OpenMRS Electronic Medical Record/input_Blood Pressure_w20 (1)'

13-04-2025T16:41:58 - [TEST_STEP][PASSED] - click(findTestObject("Object Repository/Page_OpenMRS Electronic Medical Record/button_Please enter at least one observatio_633184 (1)")): Object: 'Object Repository/Page_OpenMRS Electronic Medical Record/button_Please enter at least one observatio_633184 (1)' is clicked on

13-04-2025T16:41:58 - [MESSAGE][PASSED] - Object: 'Object Repository/Page_OpenMRS Electronic Medical Record/button_Please enter at least one observatio_633184 (1)' is clicked on

13-04-2025T16:41:58 - [TEST_STEP][PASSED] - setText(findTestObject("Object Repository/Page_OpenMRS Electronic Medical Record/input_Arterial blood oxygen saturation (pul_224004 (1)"), "99"): Text '99' is set on object 'Object Repository/Page_OpenMRS Electronic Medical Record/input_Arterial blood oxygen saturation (pul_224004 (1)'

13-04-2025T16:41:59 - [MESSAGE][PASSED] - Text '99' is set on object 'Object Repository/Page_OpenMRS Electronic Medical Record/input_Arterial blood oxygen saturation (pul_224004 (1)'

13-04-2025T16:41:59 - [TEST_STEP][PASSED] - click(findTestObject("Object Repository/Page_OpenMRS Electronic Medical Record/button_Please enter at least one observatio_633184 (1)")): Object: 'Object Repository/Page_OpenMRS Electronic Medical Record/button_Please enter at least one observatio_633184 (1)' is clicked on

13-04-2025T16:41:59 - [MESSAGE][PASSED] - Object: 'Object Repository/Page_OpenMRS Electronic Medical Record/button_Please enter at least one observatio_633184 (1)' is clicked on

13-04-2025T16:41:59 - [TEST_STEP][PASSED] - verifyElementText(findTestObject("Object Repository/Page_OpenMRS Electronic Medical Record/p_Height (cm) 165 cm (1)"), "Height (cm): 165 cm"): Actual text and expected text of test object 'Object Repository/Page_OpenMRS Electronic Medical Record/p_Height (cm) 165 cm (1)' are matched.

13-04-2025T16:42:00 - [MESSAGE][PASSED] - Actual text and expected text of test object 'Object Repository/Page_OpenMRS Electronic Medical Record/p_Height (cm) 165 cm (1)' are matched.

13-04-2025T16:42:00 - [TEST_STEP][PASSED] - verifyElementText(findTestObject("Object Repository/Page_OpenMRS Electronic Medical Record/p_Weight (kg) 70 kg (1)"), "Weight (kg): 70 kg"): Actual text and expected text of test object 'Object Repository/Page_OpenMRS Electronic Medical Record/p_Weight (kg) 70 kg (1)' are matched.

13-04-2025T16:42:00 - [MESSAGE][PASSED] - Actual text and expected text of test object 'Object Repository/Page_OpenMRS Electronic Medical Record/p_Weight (kg) 70 kg (1)' are matched.

13-04-2025T16:42:00 - [TEST_STEP][PASSED] - verifyElementText(findTestObject("Object Repository/Page_OpenMRS Electronic Medical Record/p_(Calculated) BMI 25.7 (1)"), "(Calculated) BMI: 25.7"): Actual text and expected text of test object 'Object Repository/Page_OpenMRS Electronic Medical Record/p_(Calculated) BMI 25.7 (1)' are matched.

13-04-2025T16:42:00 - [MESSAGE][PASSED] - Actual text and expected text of test object 'Object Repository/Page_OpenMRS Electronic Medical Record/p_(Calculated) BMI 25.7 (1)' are matched.

13-04-2025T16:42:00 - [TEST_STEP][PASSED] - verifyElementText(findTestObject("Object Repository/Page_OpenMRS Electronic Medical Record/p_Temperature (c) 27 C (1)"), "Temperature (c): 27 Â°C"): Actual text and expected text of test object 'Object Repository/Page_OpenMRS Electronic Medical Record/p_Temperature (c) 27 C (1)' are matched.

13-04-2025T16:42:00 - [MESSAGE][PASSED] - Actual text and expected text of test object 'Object Repository/Page_OpenMRS Electronic Medical Record/p_Temperature (c) 27 C (1)' are matched.

13-04-2025T16:42:00 - [TEST_STEP][PASSED] - verifyElementText(findTestObject("Object Repository/Page_OpenMRS Electronic Medical Record/p_Pulse 100 min (1)"), "Pulse: 100 /min"): Actual text and expected text of test object 'Object Repository/Page_OpenMRS Electronic Medical Record/p_Pulse 100 min (1)' are matched.

13-04-2025T16:42:01 - [MESSAGE][PASSED] - Actual text and expected text of test object 'Object Repository/Page_OpenMRS Electronic Medical Record/p_Pulse 100 min (1)' are matched.

13-04-2025T16:42:01 - [TEST_STEP][PASSED] - verifyElementText(findTestObject("Object Repository/Page_OpenMRS Electronic Medical Record/p_Respiratory rate 99 min (1)"), "Respiratory rate: 99 /min"): Actual text and expected text of test object 'Object Repository/Page_OpenMRS Electronic Medical Record/p_Respiratory rate 99 min (1)' are matched.

13-04-2025T16:42:01 - [MESSAGE][PASSED] - Actual text and expected text of test object 'Object Repository/Page_OpenMRS Electronic Medical Record/p_Respiratory rate 99 min (1)' are matched.

13-04-2025T16:42:01 - [TEST_STEP][PASSED] - verifyElementText(findTestObject("Object Repository/Page_OpenMRS Electronic Medical Record/p_Blood Pressure 100  70 (1)"), "Blood Pressure: 100 / 70"): Actual text and expected text of test object 'Object Repository/Page_OpenMRS Electronic Medical Record/p_Blood Pressure 100  70 (1)' are matched.

13-04-2025T16:42:01 - [MESSAGE][PASSED] - Actual text and expected text of test object 'Object Repository/Page_OpenMRS Electronic Medical Record/p_Blood Pressure 100  70 (1)' are matched.

13-04-2025T16:42:01 - [TEST_STEP][PASSED] - verifyElementText(findTestObject("Object Repository/Page_OpenMRS Electronic Medical Record/p_Arterial blood oxygen saturation (pulse o_5bf421 (1)"), "Arterial blood oxygen saturation (pulse oximeter): 99 %"): Actual text and expected text of test object 'Object Repository/Page_OpenMRS Electronic Medical Record/p_Arterial blood oxygen saturation (pulse o_5bf421 (1)' are matched.

13-04-2025T16:42:02 - [MESSAGE][PASSED] - Actual text and expected text of test object 'Object Repository/Page_OpenMRS Electronic Medical Record/p_Arterial blood oxygen saturation (pulse o_5bf421 (1)' are matched.

13-04-2025T16:42:02 - [TEST_STEP][PASSED] - verifyElementText(findTestObject("Object Repository/Page_OpenMRS Electronic Medical Record/input_Save_cancel focused (1)"), ""): Actual text and expected text of test object 'Object Repository/Page_OpenMRS Electronic Medical Record/input_Save_cancel focused (1)' are matched.

13-04-2025T16:42:02 - [MESSAGE][PASSED] - Actual text and expected text of test object 'Object Repository/Page_OpenMRS Electronic Medical Record/input_Save_cancel focused (1)' are matched.

13-04-2025T16:42:02 - [TEST_STEP][PASSED] - click(findTestObject("Object Repository/Page_OpenMRS Electronic Medical Record/button_Save (1)")): Object: 'Object Repository/Page_OpenMRS Electronic Medical Record/button_Save (1)' is clicked on

13-04-2025T16:42:02 - [MESSAGE][PASSED] - Object: 'Object Repository/Page_OpenMRS Electronic Medical Record/button_Save (1)' is clicked on

13-04-2025T16:42:02 - [TEST_STEP][PASSED] - setText(findTestObject("Object Repository/Page_OpenMRS Electronic Medical Record/input_Capture Vitals for Patient_patient-search (1) (1)"), "irman"): Text 'irman' is set on object 'Object Repository/Page_OpenMRS Electronic Medical Record/input_Capture Vitals for Patient_patient-search (1) (1)'

13-04-2025T16:42:05 - [MESSAGE][PASSED] - Text 'irman' is set on object 'Object Repository/Page_OpenMRS Electronic Medical Record/input_Capture Vitals for Patient_patient-search (1) (1)'

13-04-2025T16:42:05 - [TEST_STEP][PASSED] - waitForElementVisible(findTestObject("Object Repository/Page_OpenMRS Electronic Medical Record/td_irman ramadhan lDoikmTe (1) (1)"), 10): Object 'Object Repository/Page_OpenMRS Electronic Medical Record/td_irman ramadhan lDoikmTe (1) (1)' is visible

13-04-2025T16:42:05 - [MESSAGE][PASSED] - Object 'Object Repository/Page_OpenMRS Electronic Medical Record/td_irman ramadhan lDoikmTe (1) (1)' is visible

13-04-2025T16:42:05 - [TEST_STEP][PASSED] - click(findTestObject("Object Repository/Page_OpenMRS Electronic Medical Record/td_irman ramadhan lDoikmTe (1) (1)")): Object: 'Object Repository/Page_OpenMRS Electronic Medical Record/td_irman ramadhan lDoikmTe (1) (1)' is clicked on

13-04-2025T16:42:07 - [MESSAGE][PASSED] - Object: 'Object Repository/Page_OpenMRS Electronic Medical Record/td_irman ramadhan lDoikmTe (1) (1)' is clicked on

13-04-2025T16:42:07 - [TEST_STEP][PASSED] - verifyElementText(findTestObject("Object Repository/Page_OpenMRS Electronic Medical Record/td_Pharmacy (1)"), "Pharmacy"): Actual text and expected text of test object 'Object Repository/Page_OpenMRS Electronic Medical Record/td_Pharmacy (1)' are matched.

13-04-2025T16:42:08 - [MESSAGE][PASSED] - Actual text and expected text of test object 'Object Repository/Page_OpenMRS Electronic Medical Record/td_Pharmacy (1)' are matched.

13-04-2025T16:42:08 - [TEST_STEP][PASSED] - verifyElementText(findTestObject("Object Repository/Page_OpenMRS Electronic Medical Record/td_Super User (admin) (1)"), "Super User (admin)"): Actual text and expected text of test object 'Object Repository/Page_OpenMRS Electronic Medical Record/td_Super User (admin) (1)' are matched.

13-04-2025T16:42:09 - [MESSAGE][PASSED] - Actual text and expected text of test object 'Object Repository/Page_OpenMRS Electronic Medical Record/td_Super User (admin) (1)' are matched.

13-04-2025T16:42:09 - [TEST_STEP][PASSED] - click(findTestObject("Object Repository/Page_OpenMRS Electronic Medical Record/i_Registration Desk_icon-home small (1)")): Object: 'Object Repository/Page_OpenMRS Electronic Medical Record/i_Registration Desk_icon-home small (1)' is clicked on

13-04-2025T16:42:10 - [MESSAGE][PASSED] - Object: 'Object Repository/Page_OpenMRS Electronic Medical Record/i_Registration Desk_icon-home small (1)' is clicked on

13-04-2025T16:42:10 - [TEST_STEP][PASSED] - click(findTestObject("Object Repository/Page_Home/a_Find Patient Record (3) (1)")): Object: 'Object Repository/Page_Home/a_Find Patient Record (3) (1)' is clicked on

13-04-2025T16:42:12 - [MESSAGE][PASSED] - Object: 'Object Repository/Page_Home/a_Find Patient Record (3) (1)' is clicked on

13-04-2025T16:42:12 - [TEST_STEP][PASSED] - setText(findTestObject("Object Repository/Page_OpenMRS Electronic Medical Record/input_Capture Vitals for Patient_patient-search (1) (1)"), "irman"): Text 'irman' is set on object 'Object Repository/Page_OpenMRS Electronic Medical Record/input_Capture Vitals for Patient_patient-search (1) (1)'

13-04-2025T16:42:12 - [MESSAGE][PASSED] - Text 'irman' is set on object 'Object Repository/Page_OpenMRS Electronic Medical Record/input_Capture Vitals for Patient_patient-search (1) (1)'

13-04-2025T16:42:12 - [TEST_STEP][PASSED] - delay(5): Delayed 5 second(s)

13-04-2025T16:42:18 - [MESSAGE][PASSED] - Delayed 5 second(s)

13-04-2025T16:42:18 - [TEST_STEP][PASSED] - click(findTestObject("Object Repository/Page_OpenMRS Electronic Medical Record/td_irman ramadhan lDoikmTe (1) (1)")): Object: 'Object Repository/Page_OpenMRS Electronic Medical Record/td_irman ramadhan lDoikmTe (1) (1)' is clicked on

13-04-2025T16:42:24 - [MESSAGE][PASSED] - Object: 'Object Repository/Page_OpenMRS Electronic Medical Record/td_irman ramadhan lDoikmTe (1) (1)' is clicked on

13-04-2025T16:42:24 - [TEST_STEP][PASSED] - verifyElementText(findTestObject("Object Repository/Page_OpenMRS Electronic Medical Record/h3_LATEST OBSERVATIONS (2) (1)"), "LATEST OBSERVATIONS"): Actual text and expected text of test object 'Object Repository/Page_OpenMRS Electronic Medical Record/h3_LATEST OBSERVATIONS (2) (1)' are matched.

13-04-2025T16:42:28 - [MESSAGE][PASSED] - Actual text and expected text of test object 'Object Repository/Page_OpenMRS Electronic Medical Record/h3_LATEST OBSERVATIONS (2) (1)' are matched.]]></system-out>
         <system-err><![CDATA[]]></system-err>
      </testcase>
      <system-out><![CDATA[13-04-2025T16:37:42 - [TEST_SUITE][FAILED] - 5.TS_Capture_Vitals: Test Cases/5. Capture Vitals/1. Admin dapat search Capture Vitals Patient FAILED.
Reason:
com.kms.katalon.core.exception.StepFailedException: Verify element text of test object 'Object Repository/Page_OpenMRS Electronic Medical Record/td_irman ramadhan lDoikmTe' FAILED.
	at com.kms.katalon.core.webui.keyword.internal.WebUIKeywordMain.stepFailed(WebUIKeywordMain.groovy:117)
	at com.kms.katalon.core.webui.keyword.internal.WebUIKeywordMain.runKeyword(WebUIKeywordMain.groovy:43)
	at com.kms.katalon.core.webui.keyword.builtin.VerifyElementTextKeyword.verifyElementText(VerifyElementTextKeyword.groovy:72)
	at com.kms.katalon.core.webui.keyword.builtin.VerifyElementTextKeyword.execute(VerifyElementTextKeyword.groovy:40)
	at com.kms.katalon.core.keyword.internal.KeywordExecutor.executeKeywordForPlatform(KeywordExecutor.groovy:74)
	at com.kms.katalon.core.webui.keyword.WebUiBuiltInKeywords.verifyElementText(WebUiBuiltInKeywords.groovy:4994)
	at 1. Admin dapat search Capture Vitals Patient.run(1. Admin dapat search Capture Vitals Patient:32)
	at com.kms.katalon.core.main.ScriptEngine.run(ScriptEngine.java:194)
	at com.kms.katalon.core.main.ScriptEngine.runScriptAsRawText(ScriptEngine.java:119)
	at com.kms.katalon.core.main.TestCaseExecutor.runScript(TestCaseExecutor.java:448)
	at com.kms.katalon.core.main.TestCaseExecutor.doExecute(TestCaseExecutor.java:439)
	at com.kms.katalon.core.main.TestCaseExecutor.processExecutionPhase(TestCaseExecutor.java:418)
	at com.kms.katalon.core.main.TestCaseExecutor.accessMainPhase(TestCaseExecutor.java:410)
	at com.kms.katalon.core.main.TestCaseExecutor.execute(TestCaseExecutor.java:285)
	at com.kms.katalon.core.common.CommonExecutor.accessTestCaseMainPhase(CommonExecutor.java:71)
	at com.kms.katalon.core.main.TestSuiteExecutor.accessTestSuiteMainPhase(TestSuiteExecutor.java:160)
	at com.kms.katalon.core.main.TestSuiteExecutor.execute(TestSuiteExecutor.java:107)
	at com.kms.katalon.core.main.TestCaseMain.startTestSuite(TestCaseMain.java:180)
	at TempTestSuite1744535837669.run(TempTestSuite1744535837669.groovy:35)
	at java.base/jdk.internal.reflect.NativeMethodAccessorImpl.invoke0(Native Method)
	at java.base/jdk.internal.reflect.NativeMethodAccessorImpl.invoke(NativeMethodAccessorImpl.java:77)
	at java.base/jdk.internal.reflect.DelegatingMethodAccessorImpl.invoke(DelegatingMethodAccessorImpl.java:43)
Caused by: com.kms.katalon.core.exception.StepFailedException: Actual text 'irman ramadhan nhf4lZF9' and expected text 'irman ramadhan lDoikmTe' of test object 'Object Repository/Page_OpenMRS Electronic Medical Record/td_irman ramadhan lDoikmTe' are NOT matched.
	at com.kms.katalon.core.webui.keyword.internal.WebUIKeywordMain.stepFailed(WebUIKeywordMain.groovy:117)
	at com.kms.katalon.core.webui.keyword.builtin.VerifyElementTextKeyword$_verifyElementText_closure1.doCall(VerifyElementTextKeyword.groovy:57)
	at com.kms.katalon.core.webui.keyword.builtin.VerifyElementTextKeyword$_verifyElementText_closure1.call(VerifyElementTextKeyword.groovy)
	at com.kms.katalon.core.webui.keyword.internal.WebUIKeywordMain.runKeyword(WebUIKeywordMain.groovy:35)
	... 20 more]]></system-out>
      <system-err><![CDATA[13-04-2025T16:37:42 - [TEST_SUITE][FAILED] - 5.TS_Capture_Vitals: Test Cases/5. Capture Vitals/1. Admin dapat search Capture Vitals Patient FAILED.
Reason:
com.kms.katalon.core.exception.StepFailedException: Verify element text of test object 'Object Repository/Page_OpenMRS Electronic Medical Record/td_irman ramadhan lDoikmTe' FAILED.
	at com.kms.katalon.core.webui.keyword.internal.WebUIKeywordMain.stepFailed(WebUIKeywordMain.groovy:117)
	at com.kms.katalon.core.webui.keyword.internal.WebUIKeywordMain.runKeyword(WebUIKeywordMain.groovy:43)
	at com.kms.katalon.core.webui.keyword.builtin.VerifyElementTextKeyword.verifyElementText(VerifyElementTextKeyword.groovy:72)
	at com.kms.katalon.core.webui.keyword.builtin.VerifyElementTextKeyword.execute(VerifyElementTextKeyword.groovy:40)
	at com.kms.katalon.core.keyword.internal.KeywordExecutor.executeKeywordForPlatform(KeywordExecutor.groovy:74)
	at com.kms.katalon.core.webui.keyword.WebUiBuiltInKeywords.verifyElementText(WebUiBuiltInKeywords.groovy:4994)
	at 1. Admin dapat search Capture Vitals Patient.run(1. Admin dapat search Capture Vitals Patient:32)
	at com.kms.katalon.core.main.ScriptEngine.run(ScriptEngine.java:194)
	at com.kms.katalon.core.main.ScriptEngine.runScriptAsRawText(ScriptEngine.java:119)
	at com.kms.katalon.core.main.TestCaseExecutor.runScript(TestCaseExecutor.java:448)
	at com.kms.katalon.core.main.TestCaseExecutor.doExecute(TestCaseExecutor.java:439)
	at com.kms.katalon.core.main.TestCaseExecutor.processExecutionPhase(TestCaseExecutor.java:418)
	at com.kms.katalon.core.main.TestCaseExecutor.accessMainPhase(TestCaseExecutor.java:410)
	at com.kms.katalon.core.main.TestCaseExecutor.execute(TestCaseExecutor.java:285)
	at com.kms.katalon.core.common.CommonExecutor.accessTestCaseMainPhase(CommonExecutor.java:71)
	at com.kms.katalon.core.main.TestSuiteExecutor.accessTestSuiteMainPhase(TestSuiteExecutor.java:160)
	at com.kms.katalon.core.main.TestSuiteExecutor.execute(TestSuiteExecutor.java:107)
	at com.kms.katalon.core.main.TestCaseMain.startTestSuite(TestCaseMain.java:180)
	at TempTestSuite1744535837669.run(TempTestSuite1744535837669.groovy:35)
	at java.base/jdk.internal.reflect.NativeMethodAccessorImpl.invoke0(Native Method)
	at java.base/jdk.internal.reflect.NativeMethodAccessorImpl.invoke(NativeMethodAccessorImpl.java:77)
	at java.base/jdk.internal.reflect.DelegatingMethodAccessorImpl.invoke(DelegatingMethodAccessorImpl.java:43)
Caused by: com.kms.katalon.core.exception.StepFailedException: Actual text 'irman ramadhan nhf4lZF9' and expected text 'irman ramadhan lDoikmTe' of test object 'Object Repository/Page_OpenMRS Electronic Medical Record/td_irman ramadhan lDoikmTe' are NOT matched.
	at com.kms.katalon.core.webui.keyword.internal.WebUIKeywordMain.stepFailed(WebUIKeywordMain.groovy:117)
	at com.kms.katalon.core.webui.keyword.builtin.VerifyElementTextKeyword$_verifyElementText_closure1.doCall(VerifyElementTextKeyword.groovy:57)
	at com.kms.katalon.core.webui.keyword.builtin.VerifyElementTextKeyword$_verifyElementText_closure1.call(VerifyElementTextKeyword.groovy)
	at com.kms.katalon.core.webui.keyword.internal.WebUIKeywordMain.runKeyword(WebUIKeywordMain.groovy:35)
	... 20 more]]></system-err>
   </testsuite>
</testsuites>
